#
# There is insufficient memory for the Java Runtime Environment to continue.
# Native memory allocation (mmap) failed to map 32505856 bytes for Failed to commit area from 0x000000008a800000 to 0x000000008c700000 of length 32505856.
# Possible reasons:
#   The system is out of physical RAM or swap space
#   The process is running with CompressedOops enabled, and the Java Heap may be blocking the growth of the native heap
# Possible solutions:
#   Reduce memory load on the system
#   Increase physical memory or swap space
#   Check if swap backing store is full
#   Decrease Java heap size (-Xmx/-Xms)
#   Decrease number of Java threads
#   Decrease Java thread stack sizes (-Xss)
#   Set larger code cache with -XX:ReservedCodeCacheSize=
#   JVM is running with Unscaled Compressed Oops mode in which the Java heap is
#     placed in the first 4GB address space. The Java Heap base address is the
#     maximum limit for the native heap growth. Please use -XX:HeapBaseMinAddress
#     to set the Java Heap base and to place the Java Heap above 4GB virtual address.
# This output file may be truncated or incomplete.
#
#  Out of Memory Error (./open/src/hotspot/os/windows/os_windows.cpp:3284), pid=9184, tid=11064
#
# JRE version: Java(TM) SE Runtime Environment 18.9 (11.0.14+8) (build 11.0.14+8-LTS-263)
# Java VM: Java HotSpot(TM) 64-Bit Server VM 18.9 (11.0.14+8-LTS-263, mixed mode, tiered, compressed oops, g1 gc, windows-amd64)
# No core dump will be written. Minidumps are not enabled by default on client versions of Windows
#

---------------  S U M M A R Y ------------

Command Line: -Dcom.sun.management.jmxremote -Dcom.sun.management.jmxremote.port=64817 -Dcom.sun.management.jmxremote.authenticate=false -Dcom.sun.management.jmxremote.ssl=false -Djava.rmi.server.hostname=localhost -Dspring.jmx.enabled=true -Dspring.application.admin.enabled=true -XX:TieredStopAtLevel=1 -Dspring.boot.project.name=hr-worker -Dfile.encoding=UTF-8 com.ms.hrworker.HrWorkerApplication --spring.output.ansi.enabled=always

Host: Intel(R) Core(TM) i5-6500 CPU @ 3.20GHz, 4 cores, 7G,  Windows 10 , 64 bit Build 19041 (10.0.19041.1889)
Time: Sat Aug 27 14:19:21 2022 Hora oficial do Brasil elapsed time: 9.773783 seconds (0d 0h 0m 9s)

---------------  T H R E A D  ---------------

Current thread (0x000001cab4344000):  VMThread "VM Thread" [stack: 0x0000006314d00000,0x0000006314e00000] [id=11064]

Stack: [0x0000006314d00000,0x0000006314e00000]
[error occurred during error reporting (printing stack bounds), id 0xc0000005, EXCEPTION_ACCESS_VIOLATION (0xc0000005) at pc=0x000001ca9e2d0f2d]

Native frames: (J=compiled Java code, j=interpreted, Vv=VM code, C=native code)
V  [jvm.dll+0x6296da]
V  [jvm.dll+0x76323f]
V  [jvm.dll+0x7648e9]
V  [jvm.dll+0x764ed5]
V  [jvm.dll+0x764e8b]
V  [jvm.dll+0x628c23]
V  [jvm.dll+0x6292d8]
C  [ntdll.dll+0xa229f]
C  [ntdll.dll+0x51454]
C  [ntdll.dll+0xa0dce]
C  0x000001ca9e2d0f2d

VM_Operation (0x0000006316efe360): G1CollectForAllocation, mode: safepoint, requested by thread 0x000001cab92fe800


---------------  P R O C E S S  ---------------

Threads class SMR info:
_java_thread_list=0x000001cab9236240, length=28, elements={
0x000001ca96c64000, 0x000001cab4369800, 0x000001cab4373000, 0x000001cab4cf2800,
0x000001cab4384000, 0x000001cab4386000, 0x000001cab4394000, 0x000001cab4399800,
0x000001cab4e8b800, 0x000001cab5687800, 0x000001cab568a000, 0x000001cab56f0000,
0x000001cab659a800, 0x000001cab65b0000, 0x000001cab65b2800, 0x000001cab65d0000,
0x000001cab6bf6000, 0x000001cab6be9000, 0x000001cab6d24000, 0x000001cab6d26800,
0x000001cab6d27000, 0x000001cab6d29800, 0x000001cab6d2a800, 0x000001cab6d24800,
0x000001cab6d28000, 0x000001cab6d28800, 0x000001cab6d25800, 0x000001cab92fe800
}

Java Threads: ( => current thread )
  0x000001ca96c64000 JavaThread "main" [_thread_blocked, id=1948, stack(0x0000006314700000,0x0000006314800000)]
  0x000001cab4369800 JavaThread "Reference Handler" daemon [_thread_blocked, id=2708, stack(0x0000006314e00000,0x0000006314f00000)]
  0x000001cab4373000 JavaThread "Finalizer" daemon [_thread_blocked, id=3672, stack(0x0000006314f00000,0x0000006315000000)]
  0x000001cab4cf2800 JavaThread "Signal Dispatcher" daemon [_thread_blocked, id=6484, stack(0x0000006315000000,0x0000006315100000)]
  0x000001cab4384000 JavaThread "Attach Listener" daemon [_thread_blocked, id=5652, stack(0x0000006315100000,0x0000006315200000)]
  0x000001cab4386000 JavaThread "Service Thread" daemon [_thread_blocked, id=6284, stack(0x0000006315200000,0x0000006315300000)]
  0x000001cab4394000 JavaThread "C1 CompilerThread0" daemon [_thread_blocked, id=5376, stack(0x0000006315300000,0x0000006315400000)]
  0x000001cab4399800 JavaThread "Sweeper thread" daemon [_thread_blocked, id=6992, stack(0x0000006315400000,0x0000006315500000)]
  0x000001cab4e8b800 JavaThread "Common-Cleaner" daemon [_thread_blocked, id=11168, stack(0x0000006315500000,0x0000006315600000)]
  0x000001cab5687800 JavaThread "RMI TCP Accept-0" daemon [_thread_in_native, id=7572, stack(0x0000006315900000,0x0000006315a00000)]
  0x000001cab568a000 JavaThread "RMI TCP Accept-64817" daemon [_thread_in_native, id=7624, stack(0x0000006315a00000,0x0000006315b00000)]
  0x000001cab56f0000 JavaThread "RMI TCP Accept-0" daemon [_thread_in_native, id=9120, stack(0x0000006315b00000,0x0000006315c00000)]
  0x000001cab659a800 JavaThread "RMI TCP Connection(1)-127.0.0.1" daemon [_thread_in_native, id=636, stack(0x0000006315d00000,0x0000006315e00000)]
  0x000001cab65b0000 JavaThread "RMI TCP Connection(2)-127.0.0.1" daemon [_thread_blocked, id=9752, stack(0x0000006315e00000,0x0000006315f00000)]
  0x000001cab65b2800 JavaThread "RMI Scheduler(0)" daemon [_thread_blocked, id=9656, stack(0x0000006315f00000,0x0000006316000000)]
  0x000001cab65d0000 JavaThread "JMX server connection timeout 19" daemon [_thread_blocked, id=7748, stack(0x0000006316000000,0x0000006316100000)]
  0x000001cab6bf6000 JavaThread "RMI TCP Connection(3)-127.0.0.1" daemon [_thread_blocked, id=3780, stack(0x0000006316100000,0x0000006316200000)]
  0x000001cab6be9000 JavaThread "JMX server connection timeout 23" daemon [_thread_blocked, id=8476, stack(0x0000006316300000,0x0000006316400000)]
  0x000001cab6d24000 JavaThread "Keep-Alive-Timer" daemon [_thread_blocked, id=1228, stack(0x0000006316500000,0x0000006316600000)]
  0x000001cab6d26800 JavaThread "HikariPool-1 housekeeper" daemon [_thread_blocked, id=10200, stack(0x0000006316600000,0x0000006316700000)]
  0x000001cab6d27000 JavaThread "Catalina-utility-1" [_thread_blocked, id=10508, stack(0x0000006316700000,0x0000006316800000)]
  0x000001cab6d29800 JavaThread "Catalina-utility-2" [_thread_blocked, id=6268, stack(0x0000006316800000,0x0000006316900000)]
  0x000001cab6d2a800 JavaThread "container-0" [_thread_blocked, id=6840, stack(0x0000006316900000,0x0000006316a00000)]
  0x000001cab6d24800 JavaThread "HikariPool-1 connection adder" daemon [_thread_blocked, id=10472, stack(0x0000006316a00000,0x0000006316b00000)]
  0x000001cab6d28000 JavaThread "task-1" [_thread_blocked, id=8668, stack(0x0000006316b00000,0x0000006316c00000)]
  0x000001cab6d28800 JavaThread "spring.cloud.inetutils" daemon [_thread_blocked, id=9908, stack(0x0000006316c00000,0x0000006316d00000)]
  0x000001cab6d25800 JavaThread "task-2" [_thread_blocked, id=6148, stack(0x0000006316d00000,0x0000006316e00000)]
  0x000001cab92fe800 JavaThread "http-nio-auto-1-BlockPoller" daemon [_thread_blocked, id=264, stack(0x0000006316e00000,0x0000006316f00000)]

Other Threads:
=>0x000001cab4344000 VMThread "VM Thread" [stack: 0x0000006314d00000,0x0000006314e00000] [id=11064]
  0x000001cab56f1800 WatcherThread [stack: 0x0000006315c00000,0x0000006315d00000] [id=9920]
  0x000001ca96c76800 GCTaskThread "GC Thread#0" [stack: 0x0000006314800000,0x0000006314900000] [id=3972]
  0x000001cab566b800 GCTaskThread "GC Thread#1" [stack: 0x0000006315600000,0x0000006315700000] [id=6908]
  0x000001cab5670800 GCTaskThread "GC Thread#2" [stack: 0x0000006315700000,0x0000006315800000] [id=6940]
  0x000001cab666e000 GCTaskThread "GC Thread#3" [stack: 0x0000006316200000,0x0000006316300000] [id=9628]
  0x000001ca96cac000 ConcurrentGCThread "G1 Main Marker" [stack: 0x0000006314900000,0x0000006314a00000] [id=9168]
  0x000001ca96cae800 ConcurrentGCThread "G1 Conc#0" [stack: 0x0000006314a00000,0x0000006314b00000] [id=10160]
  0x000001ca96d2e000 ConcurrentGCThread "G1 Refine#0" [stack: 0x0000006314b00000,0x0000006314c00000] [id=6812]
  0x000001cab4f14000 ConcurrentGCThread "G1 Refine#1" [stack: 0x0000006315800000,0x0000006315900000] [id=5948]
  0x000001cab41b2800 ConcurrentGCThread "G1 Young RemSet Sampling" [stack: 0x0000006314c00000,0x0000006314d00000] [id=10476]

Threads with active compile tasks:

VM state:at safepoint (normal execution)

VM Mutex/Monitor currently owned by a thread:  ([mutex/lock_event])
[0x000001ca96c62120] Threads_lock - owner thread: 0x000001cab4344000
[0x000001ca96c61820] Heap_lock - owner thread: 0x000001cab92fe800

Heap address: 0x0000000080e00000, size: 2034 MB, Compressed Oops mode: 32-bit
Narrow klass base: 0x0000000000000000, Narrow klass shift: 3
Compressed class space size: 1073741824 Address: 0x0000000100000000

Heap:
 garbage-first heap   total 189440K, used 31797K [0x0000000080e00000, 0x0000000100000000)
  region size 1024K, 7 young (7168K), 7 survivors (7168K)
 Metaspace       used 66487K, capacity 68231K, committed 68344K, reserved 1107968K
  class space    used 9244K, capacity 9964K, committed 10060K, reserved 1048576K
Heap Regions: E=young(eden), S=young(survivor), O=old, HS=humongous(starts), HC=humongous(continues), CS=collection set, F=free, A=archive, TAMS=top-at-mark-start (previous, next)
|   0|0x0000000080e00000, 0x0000000080f00000, 0x0000000080f00000|100%|HS|  |TAMS 0x0000000080f00000, 0x0000000080f00000| Complete 
|   1|0x0000000080f00000, 0x0000000081000000, 0x0000000081000000|100%| O|  |TAMS 0x0000000081000000, 0x0000000081000000| Untracked 
|   2|0x0000000081000000, 0x0000000081100000, 0x0000000081100000|100%| O|  |TAMS 0x0000000081100000, 0x0000000081100000| Untracked 
|   3|0x0000000081100000, 0x0000000081200000, 0x0000000081200000|100%| O|  |TAMS 0x0000000081200000, 0x0000000081200000| Untracked 
|   4|0x0000000081200000, 0x0000000081300000, 0x0000000081300000|100%| O|  |TAMS 0x0000000081300000, 0x0000000081300000| Untracked 
|   5|0x0000000081300000, 0x0000000081400000, 0x0000000081400000|100%| O|  |TAMS 0x0000000081400000, 0x0000000081400000| Untracked 
|   6|0x0000000081400000, 0x0000000081500000, 0x0000000081500000|100%| O|  |TAMS 0x0000000081500000, 0x0000000081500000| Untracked 
|   7|0x0000000081500000, 0x0000000081600000, 0x0000000081600000|100%| O|  |TAMS 0x0000000081600000, 0x0000000081600000| Untracked 
|   8|0x0000000081600000, 0x0000000081700000, 0x0000000081700000|100%| O|  |TAMS 0x0000000081700000, 0x0000000081700000| Untracked 
|   9|0x0000000081700000, 0x0000000081800000, 0x0000000081800000|100%| O|  |TAMS 0x0000000081800000, 0x0000000081800000| Untracked 
|  10|0x0000000081800000, 0x0000000081900000, 0x0000000081900000|100%| O|  |TAMS 0x0000000081900000, 0x0000000081900000| Untracked 
|  11|0x0000000081900000, 0x0000000081a00000, 0x0000000081a00000|100%| O|  |TAMS 0x0000000081a00000, 0x0000000081a00000| Untracked 
|  12|0x0000000081a00000, 0x0000000081b00000, 0x0000000081b00000|100%| O|  |TAMS 0x0000000081b00000, 0x0000000081b00000| Untracked 
|  13|0x0000000081b00000, 0x0000000081c00000, 0x0000000081c00000|100%| O|  |TAMS 0x0000000081c00000, 0x0000000081c00000| Untracked 
|  14|0x0000000081c00000, 0x0000000081d00000, 0x0000000081d00000|100%| O|  |TAMS 0x0000000081d00000, 0x0000000081d00000| Untracked 
|  15|0x0000000081d00000, 0x0000000081e00000, 0x0000000081e00000|100%| O|  |TAMS 0x0000000081e00000, 0x0000000081e00000| Untracked 
|  16|0x0000000081e00000, 0x0000000081f00000, 0x0000000081f00000|100%| O|  |TAMS 0x0000000081f00000, 0x0000000081f00000| Untracked 
|  17|0x0000000081f00000, 0x0000000082000000, 0x0000000082000000|100%| O|  |TAMS 0x0000000082000000, 0x0000000082000000| Untracked 
|  18|0x0000000082000000, 0x0000000082100000, 0x0000000082100000|100%| O|  |TAMS 0x0000000082100000, 0x0000000082100000| Untracked 
|  19|0x0000000082100000, 0x0000000082200000, 0x0000000082200000|100%| O|  |TAMS 0x0000000082200000, 0x0000000082200000| Untracked 
|  20|0x0000000082200000, 0x0000000082300000, 0x0000000082300000|100%| O|  |TAMS 0x00000000822a9600, 0x0000000082300000| Untracked 
|  21|0x0000000082300000, 0x0000000082400000, 0x0000000082400000|100%| O|  |TAMS 0x0000000082300000, 0x0000000082400000| Untracked 
|  22|0x0000000082400000, 0x0000000082500000, 0x0000000082500000|100%| O|  |TAMS 0x0000000082400000, 0x0000000082500000| Untracked 
|  23|0x0000000082500000, 0x0000000082600000, 0x0000000082600000|100%| O|  |TAMS 0x0000000082500000, 0x0000000082600000| Untracked 
|  24|0x0000000082600000, 0x00000000826bb200, 0x0000000082700000| 73%| O|  |TAMS 0x0000000082600000, 0x00000000826bb200| Untracked 
|  25|0x0000000082700000, 0x0000000082700000, 0x0000000082800000|  0%| F|  |TAMS 0x0000000082700000, 0x0000000082700000| Untracked 
|  26|0x0000000082800000, 0x0000000082800000, 0x0000000082900000|  0%| F|  |TAMS 0x0000000082800000, 0x0000000082800000| Untracked 
|  27|0x0000000082900000, 0x0000000082900000, 0x0000000082a00000|  0%| F|  |TAMS 0x0000000082900000, 0x0000000082900000| Untracked 
|  28|0x0000000082a00000, 0x0000000082a00000, 0x0000000082b00000|  0%| F|  |TAMS 0x0000000082a00000, 0x0000000082a00000| Untracked 
|  29|0x0000000082b00000, 0x0000000082b00000, 0x0000000082c00000|  0%| F|  |TAMS 0x0000000082b00000, 0x0000000082b00000| Untracked 
|  30|0x0000000082c00000, 0x0000000082c00000, 0x0000000082d00000|  0%| F|  |TAMS 0x0000000082c00000, 0x0000000082c00000| Untracked 
|  31|0x0000000082d00000, 0x0000000082d00000, 0x0000000082e00000|  0%| F|  |TAMS 0x0000000082d00000, 0x0000000082d00000| Untracked 
|  32|0x0000000082e00000, 0x0000000082e00000, 0x0000000082f00000|  0%| F|  |TAMS 0x0000000082e00000, 0x0000000082e00000| Untracked 
|  33|0x0000000082f00000, 0x0000000082f00000, 0x0000000083000000|  0%| F|  |TAMS 0x0000000082f00000, 0x0000000082f00000| Untracked 
|  34|0x0000000083000000, 0x0000000083000000, 0x0000000083100000|  0%| F|  |TAMS 0x0000000083000000, 0x0000000083000000| Untracked 
|  35|0x0000000083100000, 0x0000000083100000, 0x0000000083200000|  0%| F|  |TAMS 0x0000000083100000, 0x0000000083100000| Untracked 
|  36|0x0000000083200000, 0x0000000083200000, 0x0000000083300000|  0%| F|  |TAMS 0x0000000083200000, 0x0000000083200000| Untracked 
|  37|0x0000000083300000, 0x0000000083300000, 0x0000000083400000|  0%| F|  |TAMS 0x0000000083300000, 0x0000000083300000| Untracked 
|  38|0x0000000083400000, 0x0000000083400000, 0x0000000083500000|  0%| F|  |TAMS 0x0000000083400000, 0x0000000083400000| Untracked 
|  39|0x0000000083500000, 0x0000000083500000, 0x0000000083600000|  0%| F|  |TAMS 0x0000000083500000, 0x0000000083500000| Untracked 
|  40|0x0000000083600000, 0x0000000083600000, 0x0000000083700000|  0%| F|  |TAMS 0x0000000083600000, 0x0000000083600000| Untracked 
|  41|0x0000000083700000, 0x0000000083700000, 0x0000000083800000|  0%| F|  |TAMS 0x0000000083700000, 0x0000000083700000| Untracked 
|  42|0x0000000083800000, 0x0000000083800000, 0x0000000083900000|  0%| F|  |TAMS 0x0000000083800000, 0x0000000083800000| Untracked 
|  43|0x0000000083900000, 0x0000000083900000, 0x0000000083a00000|  0%| F|  |TAMS 0x0000000083900000, 0x0000000083900000| Untracked 
|  44|0x0000000083a00000, 0x0000000083a00000, 0x0000000083b00000|  0%| F|  |TAMS 0x0000000083a00000, 0x0000000083a00000| Untracked 
|  45|0x0000000083b00000, 0x0000000083b00000, 0x0000000083c00000|  0%| F|  |TAMS 0x0000000083b00000, 0x0000000083b00000| Untracked 
|  46|0x0000000083c00000, 0x0000000083c00000, 0x0000000083d00000|  0%| F|  |TAMS 0x0000000083c00000, 0x0000000083c00000| Untracked 
|  47|0x0000000083d00000, 0x0000000083d00000, 0x0000000083e00000|  0%| F|  |TAMS 0x0000000083d00000, 0x0000000083d00000| Untracked 
|  48|0x0000000083e00000, 0x0000000083e00000, 0x0000000083f00000|  0%| F|  |TAMS 0x0000000083e00000, 0x0000000083e00000| Untracked 
|  49|0x0000000083f00000, 0x0000000083f00000, 0x0000000084000000|  0%| F|  |TAMS 0x0000000083f00000, 0x0000000083f00000| Untracked 
|  50|0x0000000084000000, 0x0000000084000000, 0x0000000084100000|  0%| F|  |TAMS 0x0000000084000000, 0x0000000084000000| Untracked 
|  51|0x0000000084100000, 0x0000000084100000, 0x0000000084200000|  0%| F|  |TAMS 0x0000000084100000, 0x0000000084100000| Untracked 
|  52|0x0000000084200000, 0x0000000084200000, 0x0000000084300000|  0%| F|  |TAMS 0x0000000084200000, 0x0000000084200000| Untracked 
|  53|0x0000000084300000, 0x0000000084300000, 0x0000000084400000|  0%| F|  |TAMS 0x0000000084300000, 0x0000000084300000| Untracked 
|  54|0x0000000084400000, 0x0000000084400000, 0x0000000084500000|  0%| F|  |TAMS 0x0000000084400000, 0x0000000084400000| Untracked 
|  55|0x0000000084500000, 0x0000000084552568, 0x0000000084600000| 32%| S|CS|TAMS 0x0000000084500000, 0x0000000084500000| Complete 
|  56|0x0000000084600000, 0x0000000084700000, 0x0000000084700000|100%| S|CS|TAMS 0x0000000084600000, 0x0000000084600000| Complete 
|  57|0x0000000084700000, 0x0000000084800000, 0x0000000084800000|100%| S|CS|TAMS 0x0000000084700000, 0x0000000084700000| Complete 
|  58|0x0000000084800000, 0x0000000084900000, 0x0000000084900000|100%| S|CS|TAMS 0x0000000084800000, 0x0000000084800000| Complete 
|  59|0x0000000084900000, 0x0000000084a00000, 0x0000000084a00000|100%| S|CS|TAMS 0x0000000084900000, 0x0000000084900000| Complete 
|  60|0x0000000084a00000, 0x0000000084b00000, 0x0000000084b00000|100%| S|CS|TAMS 0x0000000084a00000, 0x0000000084a00000| Complete 
|  61|0x0000000084b00000, 0x0000000084c00000, 0x0000000084c00000|100%| S|CS|TAMS 0x0000000084b00000, 0x0000000084b00000| Complete 
|  62|0x0000000084c00000, 0x0000000084c00000, 0x0000000084d00000|  0%| F|  |TAMS 0x0000000084c00000, 0x0000000084c00000| Untracked 
|  63|0x0000000084d00000, 0x0000000084d00000, 0x0000000084e00000|  0%| F|  |TAMS 0x0000000084d00000, 0x0000000084d00000| Untracked 
|  64|0x0000000084e00000, 0x0000000084e00000, 0x0000000084f00000|  0%| F|  |TAMS 0x0000000084e00000, 0x0000000084e00000| Untracked 
|  65|0x0000000084f00000, 0x0000000084f00000, 0x0000000085000000|  0%| F|  |TAMS 0x0000000084f00000, 0x0000000084f00000| Untracked 
|  66|0x0000000085000000, 0x0000000085000000, 0x0000000085100000|  0%| F|  |TAMS 0x0000000085000000, 0x0000000085000000| Untracked 
|  67|0x0000000085100000, 0x0000000085100000, 0x0000000085200000|  0%| F|  |TAMS 0x0000000085100000, 0x0000000085100000| Untracked 
|  68|0x0000000085200000, 0x0000000085200000, 0x0000000085300000|  0%| F|  |TAMS 0x0000000085200000, 0x0000000085200000| Untracked 
|  69|0x0000000085300000, 0x0000000085300000, 0x0000000085400000|  0%| F|  |TAMS 0x0000000085300000, 0x0000000085300000| Untracked 
|  70|0x0000000085400000, 0x0000000085400000, 0x0000000085500000|  0%| F|  |TAMS 0x0000000085400000, 0x0000000085400000| Untracked 
|  71|0x0000000085500000, 0x0000000085500000, 0x0000000085600000|  0%| F|  |TAMS 0x0000000085500000, 0x0000000085500000| Untracked 
|  72|0x0000000085600000, 0x0000000085600000, 0x0000000085700000|  0%| F|  |TAMS 0x0000000085600000, 0x0000000085600000| Untracked 
|  73|0x0000000085700000, 0x0000000085700000, 0x0000000085800000|  0%| F|  |TAMS 0x0000000085700000, 0x0000000085700000| Untracked 
|  74|0x0000000085800000, 0x0000000085800000, 0x0000000085900000|  0%| F|  |TAMS 0x0000000085800000, 0x0000000085800000| Untracked 
|  75|0x0000000085900000, 0x0000000085900000, 0x0000000085a00000|  0%| F|  |TAMS 0x0000000085900000, 0x0000000085900000| Untracked 
|  76|0x0000000085a00000, 0x0000000085a00000, 0x0000000085b00000|  0%| F|  |TAMS 0x0000000085a00000, 0x0000000085a00000| Untracked 
|  77|0x0000000085b00000, 0x0000000085b00000, 0x0000000085c00000|  0%| F|  |TAMS 0x0000000085b00000, 0x0000000085b00000| Untracked 
|  78|0x0000000085c00000, 0x0000000085c00000, 0x0000000085d00000|  0%| F|  |TAMS 0x0000000085c00000, 0x0000000085c00000| Untracked 
|  79|0x0000000085d00000, 0x0000000085d00000, 0x0000000085e00000|  0%| F|  |TAMS 0x0000000085d00000, 0x0000000085d00000| Untracked 
|  80|0x0000000085e00000, 0x0000000085e00000, 0x0000000085f00000|  0%| F|  |TAMS 0x0000000085e00000, 0x0000000085e00000| Untracked 
|  81|0x0000000085f00000, 0x0000000085f00000, 0x0000000086000000|  0%| F|  |TAMS 0x0000000085f00000, 0x0000000085f00000| Untracked 
|  82|0x0000000086000000, 0x0000000086000000, 0x0000000086100000|  0%| F|  |TAMS 0x0000000086000000, 0x0000000086000000| Untracked 
|  83|0x0000000086100000, 0x0000000086100000, 0x0000000086200000|  0%| F|  |TAMS 0x0000000086100000, 0x0000000086100000| Untracked 
|  84|0x0000000086200000, 0x0000000086200000, 0x0000000086300000|  0%| F|  |TAMS 0x0000000086200000, 0x0000000086200000| Untracked 
|  85|0x0000000086300000, 0x0000000086300000, 0x0000000086400000|  0%| F|  |TAMS 0x0000000086300000, 0x0000000086300000| Untracked 
|  86|0x0000000086400000, 0x0000000086400000, 0x0000000086500000|  0%| F|  |TAMS 0x0000000086400000, 0x0000000086400000| Untracked 
|  87|0x0000000086500000, 0x0000000086500000, 0x0000000086600000|  0%| F|  |TAMS 0x0000000086500000, 0x0000000086500000| Untracked 
|  88|0x0000000086600000, 0x0000000086600000, 0x0000000086700000|  0%| F|  |TAMS 0x0000000086600000, 0x0000000086600000| Untracked 
|  89|0x0000000086700000, 0x0000000086700000, 0x0000000086800000|  0%| F|  |TAMS 0x0000000086700000, 0x0000000086700000| Untracked 
|  90|0x0000000086800000, 0x0000000086800000, 0x0000000086900000|  0%| F|  |TAMS 0x0000000086800000, 0x0000000086800000| Untracked 
|  91|0x0000000086900000, 0x0000000086900000, 0x0000000086a00000|  0%| F|  |TAMS 0x0000000086900000, 0x0000000086900000| Untracked 
|  92|0x0000000086a00000, 0x0000000086a00000, 0x0000000086b00000|  0%| F|  |TAMS 0x0000000086a00000, 0x0000000086a00000| Untracked 
|  93|0x0000000086b00000, 0x0000000086b00000, 0x0000000086c00000|  0%| F|  |TAMS 0x0000000086b00000, 0x0000000086b00000| Untracked 
|  94|0x0000000086c00000, 0x0000000086c00000, 0x0000000086d00000|  0%| F|  |TAMS 0x0000000086c00000, 0x0000000086c00000| Untracked 
|  95|0x0000000086d00000, 0x0000000086d00000, 0x0000000086e00000|  0%| F|  |TAMS 0x0000000086d00000, 0x0000000086d00000| Untracked 
|  96|0x0000000086e00000, 0x0000000086e00000, 0x0000000086f00000|  0%| F|  |TAMS 0x0000000086e00000, 0x0000000086e00000| Untracked 
|  97|0x0000000086f00000, 0x0000000086f00000, 0x0000000087000000|  0%| F|  |TAMS 0x0000000086f00000, 0x0000000086f00000| Untracked 
|  98|0x0000000087000000, 0x0000000087000000, 0x0000000087100000|  0%| F|  |TAMS 0x0000000087000000, 0x0000000087000000| Untracked 
|  99|0x0000000087100000, 0x0000000087100000, 0x0000000087200000|  0%| F|  |TAMS 0x0000000087100000, 0x0000000087100000| Untracked 
| 100|0x0000000087200000, 0x0000000087200000, 0x0000000087300000|  0%| F|  |TAMS 0x0000000087200000, 0x0000000087200000| Untracked 
| 101|0x0000000087300000, 0x0000000087300000, 0x0000000087400000|  0%| F|  |TAMS 0x0000000087300000, 0x0000000087300000| Untracked 
| 102|0x0000000087400000, 0x0000000087400000, 0x0000000087500000|  0%| F|  |TAMS 0x0000000087400000, 0x0000000087400000| Untracked 
| 103|0x0000000087500000, 0x0000000087500000, 0x0000000087600000|  0%| F|  |TAMS 0x0000000087500000, 0x0000000087500000| Untracked 
| 104|0x0000000087600000, 0x0000000087600000, 0x0000000087700000|  0%| F|  |TAMS 0x0000000087600000, 0x0000000087600000| Untracked 
| 105|0x0000000087700000, 0x0000000087700000, 0x0000000087800000|  0%| F|  |TAMS 0x0000000087700000, 0x0000000087700000| Untracked 
| 106|0x0000000087800000, 0x0000000087800000, 0x0000000087900000|  0%| F|  |TAMS 0x0000000087800000, 0x0000000087800000| Untracked 
| 107|0x0000000087900000, 0x0000000087900000, 0x0000000087a00000|  0%| F|  |TAMS 0x0000000087900000, 0x0000000087900000| Untracked 
| 108|0x0000000087a00000, 0x0000000087a00000, 0x0000000087b00000|  0%| F|  |TAMS 0x0000000087a00000, 0x0000000087a00000| Untracked 
| 109|0x0000000087b00000, 0x0000000087b00000, 0x0000000087c00000|  0%| F|  |TAMS 0x0000000087b00000, 0x0000000087b00000| Untracked 
| 110|0x0000000087c00000, 0x0000000087c00000, 0x0000000087d00000|  0%| F|  |TAMS 0x0000000087c00000, 0x0000000087c00000| Untracked 
| 111|0x0000000087d00000, 0x0000000087d00000, 0x0000000087e00000|  0%| F|  |TAMS 0x0000000087d00000, 0x0000000087d00000| Untracked 
| 112|0x0000000087e00000, 0x0000000087e00000, 0x0000000087f00000|  0%| F|  |TAMS 0x0000000087e00000, 0x0000000087e00000| Untracked 
| 113|0x0000000087f00000, 0x0000000087f00000, 0x0000000088000000|  0%| F|  |TAMS 0x0000000087f00000, 0x0000000087f00000| Untracked 
| 114|0x0000000088000000, 0x0000000088000000, 0x0000000088100000|  0%| F|  |TAMS 0x0000000088000000, 0x0000000088000000| Untracked 
| 115|0x0000000088100000, 0x0000000088100000, 0x0000000088200000|  0%| F|  |TAMS 0x0000000088100000, 0x0000000088100000| Untracked 
| 116|0x0000000088200000, 0x0000000088200000, 0x0000000088300000|  0%| F|  |TAMS 0x0000000088200000, 0x0000000088200000| Untracked 
| 117|0x0000000088300000, 0x0000000088300000, 0x0000000088400000|  0%| F|  |TAMS 0x0000000088300000, 0x0000000088300000| Untracked 
| 118|0x0000000088400000, 0x0000000088400000, 0x0000000088500000|  0%| F|  |TAMS 0x0000000088400000, 0x0000000088400000| Untracked 
| 119|0x0000000088500000, 0x0000000088500000, 0x0000000088600000|  0%| F|  |TAMS 0x0000000088500000, 0x0000000088500000| Untracked 
| 120|0x0000000088600000, 0x0000000088600000, 0x0000000088700000|  0%| F|  |TAMS 0x0000000088600000, 0x0000000088600000| Untracked 
| 121|0x0000000088700000, 0x0000000088700000, 0x0000000088800000|  0%| F|  |TAMS 0x0000000088700000, 0x0000000088700000| Untracked 
| 122|0x0000000088800000, 0x0000000088800000, 0x0000000088900000|  0%| F|  |TAMS 0x0000000088800000, 0x0000000088800000| Untracked 
| 123|0x0000000088900000, 0x0000000088900000, 0x0000000088a00000|  0%| F|  |TAMS 0x0000000088900000, 0x0000000088900000| Untracked 
| 124|0x0000000088a00000, 0x0000000088a00000, 0x0000000088b00000|  0%| F|  |TAMS 0x0000000088a00000, 0x0000000088a00000| Untracked 
| 125|0x0000000088b00000, 0x0000000088b00000, 0x0000000088c00000|  0%| F|  |TAMS 0x0000000088b00000, 0x0000000088b00000| Untracked 
| 126|0x0000000088c00000, 0x0000000088c00000, 0x0000000088d00000|  0%| F|  |TAMS 0x0000000088c00000, 0x0000000088c00000| Untracked 
| 127|0x0000000088d00000, 0x0000000088d00000, 0x0000000088e00000|  0%| F|  |TAMS 0x0000000088d00000, 0x0000000088d00000| Untracked 
| 128|0x0000000088e00000, 0x0000000088e00000, 0x0000000088f00000|  0%| F|  |TAMS 0x0000000088e00000, 0x0000000088e00000| Untracked 
| 129|0x0000000088f00000, 0x0000000088f00000, 0x0000000089000000|  0%| F|  |TAMS 0x0000000088f00000, 0x0000000088f00000| Untracked 
| 130|0x0000000089000000, 0x0000000089000000, 0x0000000089100000|  0%| F|  |TAMS 0x0000000089000000, 0x0000000089000000| Untracked 
| 131|0x0000000089100000, 0x0000000089100000, 0x0000000089200000|  0%| F|  |TAMS 0x0000000089100000, 0x0000000089100000| Untracked 
| 132|0x0000000089200000, 0x0000000089200000, 0x0000000089300000|  0%| F|  |TAMS 0x0000000089200000, 0x0000000089200000| Untracked 
| 133|0x0000000089300000, 0x0000000089300000, 0x0000000089400000|  0%| F|  |TAMS 0x0000000089300000, 0x0000000089300000| Untracked 
| 134|0x0000000089400000, 0x0000000089400000, 0x0000000089500000|  0%| F|  |TAMS 0x0000000089400000, 0x0000000089400000| Untracked 
| 135|0x0000000089500000, 0x0000000089500000, 0x0000000089600000|  0%| F|  |TAMS 0x0000000089500000, 0x0000000089500000| Untracked 
| 136|0x0000000089600000, 0x0000000089600000, 0x0000000089700000|  0%| F|  |TAMS 0x0000000089600000, 0x0000000089600000| Untracked 
| 137|0x0000000089700000, 0x0000000089700000, 0x0000000089800000|  0%| F|  |TAMS 0x0000000089700000, 0x0000000089700000| Untracked 
| 138|0x0000000089800000, 0x0000000089800000, 0x0000000089900000|  0%| F|  |TAMS 0x0000000089800000, 0x0000000089800000| Untracked 
| 139|0x0000000089900000, 0x0000000089900000, 0x0000000089a00000|  0%| F|  |TAMS 0x0000000089900000, 0x0000000089900000| Untracked 
| 140|0x0000000089a00000, 0x0000000089a00000, 0x0000000089b00000|  0%| F|  |TAMS 0x0000000089a00000, 0x0000000089a00000| Untracked 
| 141|0x0000000089b00000, 0x0000000089b00000, 0x0000000089c00000|  0%| F|  |TAMS 0x0000000089b00000, 0x0000000089b00000| Untracked 
| 142|0x0000000089c00000, 0x0000000089c00000, 0x0000000089d00000|  0%| F|  |TAMS 0x0000000089c00000, 0x0000000089c00000| Untracked 
| 143|0x0000000089d00000, 0x0000000089d00000, 0x0000000089e00000|  0%| F|  |TAMS 0x0000000089d00000, 0x0000000089d00000| Untracked 
| 144|0x0000000089e00000, 0x0000000089e00000, 0x0000000089f00000|  0%| F|  |TAMS 0x0000000089e00000, 0x0000000089e00000| Untracked 
| 145|0x0000000089f00000, 0x0000000089f00000, 0x000000008a000000|  0%| F|  |TAMS 0x0000000089f00000, 0x0000000089f00000| Untracked 
| 146|0x000000008a000000, 0x000000008a000000, 0x000000008a100000|  0%| F|  |TAMS 0x000000008a000000, 0x000000008a000000| Untracked 
| 147|0x000000008a100000, 0x000000008a100000, 0x000000008a200000|  0%| F|  |TAMS 0x000000008a100000, 0x000000008a100000| Untracked 
| 148|0x000000008a200000, 0x000000008a200000, 0x000000008a300000|  0%| F|  |TAMS 0x000000008a200000, 0x000000008a200000| Untracked 
| 149|0x000000008a300000, 0x000000008a300000, 0x000000008a400000|  0%| F|  |TAMS 0x000000008a300000, 0x000000008a300000| Untracked 
| 150|0x000000008a400000, 0x000000008a400000, 0x000000008a500000|  0%| F|  |TAMS 0x000000008a400000, 0x000000008a400000| Untracked 
| 151|0x000000008a500000, 0x000000008a500000, 0x000000008a600000|  0%| F|  |TAMS 0x000000008a500000, 0x000000008a500000| Untracked 
| 152|0x000000008a600000, 0x000000008a600000, 0x000000008a700000|  0%| F|  |TAMS 0x000000008a600000, 0x000000008a600000| Untracked 
| 153|0x000000008a700000, 0x000000008a700000, 0x000000008a800000|  0%| F|  |TAMS 0x000000008a700000, 0x000000008a700000| Untracked 

Card table byte_map: [0x000001caad6d0000,0x000001caadad0000] _byte_map_base: 0x000001caad2c9000

Marking Bits (Prev, Next): (CMBitMap*) 0x000001ca96ca3290, (CMBitMap*) 0x000001ca96ca3258
 Prev Bits: [0x000001caafea0000, 0x000001cab1e68000)
 Next Bits: [0x000001caaded0000, 0x000001caafe98000)

Polling page: 0x000001ca94c00000

Metaspace:

Usage:
  Non-class:     56.90 MB capacity,    55.90 MB ( 98%) used,   812.63 KB (  1%) free+waste,   210.63 KB ( <1%) overhead. 
      Class:      9.73 MB capacity,     9.03 MB ( 93%) used,   612.00 KB (  6%) free+waste,   107.81 KB (  1%) overhead. 
       Both:     66.63 MB capacity,    64.93 MB ( 97%) used,     1.39 MB (  2%) free+waste,   318.44 KB ( <1%) overhead. 

Virtual space:
  Non-class space:       58.00 MB reserved,      56.92 MB ( 98%) committed 
      Class space:        1.00 GB reserved,       9.82 MB ( <1%) committed 
             Both:        1.06 GB reserved,      66.74 MB (  6%) committed 

Chunk freelists:
   Non-Class:  2.13 KB
       Class:  2.50 KB
        Both:  4.63 KB

CodeHeap 'non-profiled nmethods': size=238912Kb used=8454Kb max_used=8454Kb free=230457Kb
 bounds [0x000001ca9e980000, 0x000001ca9f1d0000, 0x000001caad2d0000]
CodeHeap 'non-nmethods': size=6848Kb used=1240Kb max_used=1240Kb free=5607Kb
 bounds [0x000001ca9e2d0000, 0x000001ca9e540000, 0x000001ca9e980000]
 total_blobs=5974 nmethods=5353 adapters=547
 compilation: enabled
              stopped_count=0, restarted_count=0
 full_count=0

Compilation events (10 events):
Event: 9.546 Thread 0x000001cab4394000 5348   !   1       com.sun.jmx.mbeanserver.Introspector::descriptorForAnnotations (242 bytes)
Event: 9.547 Thread 0x000001cab4394000 nmethod 5348 0x000001ca9f1be410 code [0x000001ca9f1be700, 0x000001ca9f1bf358]
Event: 9.555 Thread 0x000001cab4394000 5349       1       java.util.Collections$SingletonList::get (41 bytes)
Event: 9.556 Thread 0x000001cab4394000 nmethod 5349 0x000001ca9f1bfc10 code [0x000001ca9f1bfe00, 0x000001ca9f1c0208]
Event: 9.556 Thread 0x000001cab4394000 5350       1       org.springframework.data.repository.config.RepositoryConfigurationDelegate$LazyRepositoryInjectionPointResolver::isLazy (64 bytes)
Event: 9.557 Thread 0x000001cab4394000 nmethod 5350 0x000001ca9f1c0410 code [0x000001ca9f1c0620, 0x000001ca9f1c0928]
Event: 9.558 Thread 0x000001cab4394000 5351   !   1       com.sun.proxy.$Proxy64::annotationType (29 bytes)
Event: 9.559 Thread 0x000001cab4394000 nmethod 5351 0x000001ca9f1c0b90 code [0x000001ca9f1c0d40, 0x000001ca9f1c0f58]
Event: 9.573 Thread 0x000001cab4394000 5352       1       sun.security.provider.ByteArrayAccess::i2bBig4 (111 bytes)
Event: 9.573 Thread 0x000001cab4394000 nmethod 5352 0x000001ca9f1c1090 code [0x000001ca9f1c1240, 0x000001ca9f1c13e8]

GC Heap History (10 events):
Event: 5.590 GC heap after
{Heap after GC invocations=7 (full 0):
 garbage-first heap   total 157696K, used 16148K [0x0000000080e00000, 0x0000000100000000)
  region size 1024K, 8 young (8192K), 8 survivors (8192K)
 Metaspace       used 32291K, capacity 33211K, committed 33408K, reserved 1079296K
  class space    used 4079K, capacity 4462K, committed 4480K, reserved 1048576K
}
Event: 6.092 GC heap before
{Heap before GC invocations=7 (full 0):
 garbage-first heap   total 157696K, used 89876K [0x0000000080e00000, 0x0000000100000000)
  region size 1024K, 81 young (82944K), 8 survivors (8192K)
 Metaspace       used 34649K, capacity 35589K, committed 35840K, reserved 1081344K
  class space    used 4442K, capacity 4834K, committed 4864K, reserved 1048576K
}
Event: 6.101 GC heap after
{Heap after GC invocations=8 (full 0):
 garbage-first heap   total 157696K, used 17755K [0x0000000080e00000, 0x0000000100000000)
  region size 1024K, 7 young (7168K), 7 survivors (7168K)
 Metaspace       used 34649K, capacity 35589K, committed 35840K, reserved 1081344K
  class space    used 4442K, capacity 4834K, committed 4864K, reserved 1048576K
}
Event: 6.974 GC heap before
{Heap before GC invocations=9 (full 0):
 garbage-first heap   total 157696K, used 104795K [0x0000000080e00000, 0x0000000100000000)
  region size 1024K, 92 young (94208K), 7 survivors (7168K)
 Metaspace       used 41812K, capacity 43063K, committed 43264K, reserved 1087488K
  class space    used 5544K, capacity 6067K, committed 6144K, reserved 1048576K
}
Event: 6.985 GC heap after
{Heap after GC invocations=10 (full 0):
 garbage-first heap   total 157696K, used 22690K [0x0000000080e00000, 0x0000000100000000)
  region size 1024K, 10 young (10240K), 10 survivors (10240K)
 Metaspace       used 41812K, capacity 43063K, committed 43264K, reserved 1087488K
  class space    used 5544K, capacity 6067K, committed 6144K, reserved 1048576K
}
Event: 7.849 GC heap before
{Heap before GC invocations=10 (full 0):
 garbage-first heap   total 157696K, used 106658K [0x0000000080e00000, 0x0000000100000000)
  region size 1024K, 92 young (94208K), 10 survivors (10240K)
 Metaspace       used 51086K, capacity 52491K, committed 52736K, reserved 1095680K
  class space    used 6749K, capacity 7318K, committed 7424K, reserved 1048576K
}
Event: 7.861 GC heap after
{Heap after GC invocations=11 (full 0):
 garbage-first heap   total 157696K, used 25692K [0x0000000080e00000, 0x0000000100000000)
  region size 1024K, 11 young (11264K), 11 survivors (11264K)
 Metaspace       used 51086K, capacity 52491K, committed 52736K, reserved 1095680K
  class space    used 6749K, capacity 7318K, committed 7424K, reserved 1048576K
}
Event: 8.316 GC heap before
{Heap before GC invocations=11 (full 0):
 garbage-first heap   total 157696K, used 77916K [0x0000000080e00000, 0x0000000100000000)
  region size 1024K, 63 young (64512K), 11 survivors (11264K)
 Metaspace       used 58278K, capacity 59789K, committed 59948K, reserved 1101824K
  class space    used 7900K, capacity 8515K, committed 8576K, reserved 1048576K
}
Event: 8.327 GC heap after
{Heap after GC invocations=12 (full 0):
 garbage-first heap   total 157696K, used 28200K [0x0000000080e00000, 0x0000000100000000)
  region size 1024K, 7 young (7168K), 7 survivors (7168K)
 Metaspace       used 58278K, capacity 59789K, committed 59948K, reserved 1101824K
  class space    used 7900K, capacity 8515K, committed 8576K, reserved 1048576K
}
Event: 9.580 GC heap before
{Heap before GC invocations=13 (full 0):
 garbage-first heap   total 157696K, used 114216K [0x0000000080e00000, 0x0000000100000000)
  region size 1024K, 92 young (94208K), 7 survivors (7168K)
 Metaspace       used 66487K, capacity 68231K, committed 68344K, reserved 1107968K
  class space    used 9244K, capacity 9964K, committed 10060K, reserved 1048576K
}

Deoptimization events (0 events):
No events

Classes redefined (0 events):
No events

Internal exceptions (10 events):
Event: 9.528 Thread 0x000001ca96c64000 Exception <a 'java/lang/ClassNotFoundException'{0x0000000084e891a8}: org/springframework/beans/factory/DisposableBeanCustomizer> (0x0000000084e891a8) thrown at [./open/src/hotspot/share/classfile/systemDictionary.cpp, line 226]
Event: 9.532 Thread 0x000001ca96c64000 Exception <a 'java/lang/ClassNotFoundException'{0x0000000084e995b0}: java/lang/ObjectCustomizer> (0x0000000084e995b0) thrown at [./open/src/hotspot/share/classfile/systemDictionary.cpp, line 226]
Event: 9.533 Thread 0x000001ca96c64000 Exception <a 'java/lang/ClassNotFoundException'{0x0000000084eb9478}: org/springframework/cloud/context/properties/ConfigurationPropertiesRebinderCustomizer> (0x0000000084eb9478) thrown at [./open/src/hotspot/share/classfile/systemDictionary.cpp, line 226]
Event: 9.534 Thread 0x000001ca96c64000 Exception <a 'java/lang/ClassNotFoundException'{0x0000000084edcee0}: org/springframework/context/ApplicationContextAwareCustomizer> (0x0000000084edcee0) thrown at [./open/src/hotspot/share/classfile/systemDictionary.cpp, line 226]
Event: 9.534 Thread 0x000001ca96c64000 Exception <a 'java/lang/ClassNotFoundException'{0x0000000084ef3158}: org/springframework/beans/factory/AwareCustomizer> (0x0000000084ef3158) thrown at [./open/src/hotspot/share/classfile/systemDictionary.cpp, line 226]
Event: 9.535 Thread 0x000001ca96c64000 Exception <a 'java/lang/ClassNotFoundException'{0x0000000084d09e90}: org/springframework/context/ApplicationListenerCustomizer> (0x0000000084d09e90) thrown at [./open/src/hotspot/share/classfile/systemDictionary.cpp, line 226]
Event: 9.535 Thread 0x000001ca96c64000 Exception <a 'java/lang/ClassNotFoundException'{0x0000000084d0b668}: java/util/EventListenerCustomizer> (0x0000000084d0b668) thrown at [./open/src/hotspot/share/classfile/systemDictionary.cpp, line 226]
Event: 9.536 Thread 0x000001ca96c64000 Exception <a 'java/lang/ClassNotFoundException'{0x0000000084d14510}: java/lang/ObjectCustomizer> (0x0000000084d14510) thrown at [./open/src/hotspot/share/classfile/systemDictionary.cpp, line 226]
Event: 9.536 Thread 0x000001ca96c64000 Exception <a 'java/lang/ClassNotFoundException'{0x0000000084d31048}: org/springframework/jmx/export/metadata/AbstractJmxAttributeCustomizer> (0x0000000084d31048) thrown at [./open/src/hotspot/share/classfile/systemDictionary.cpp, line 226]
Event: 9.537 Thread 0x000001ca96c64000 Exception <a 'java/lang/ClassNotFoundException'{0x0000000084d4caa8}: org/springframework/jmx/export/metadata/ManagedAttributeCustomizer> (0x0000000084d4caa8) thrown at [./open/src/hotspot/share/classfile/systemDictionary.cpp, line 226]

Events (10 events):
Event: 9.577 loading class org/apache/tomcat/util/net/NioBlockingSelector$BlockPoller done
Event: 9.578 loading class java/nio/channels/CancelledKeyException
Event: 9.578 loading class java/nio/channels/CancelledKeyException done
Event: 9.578 loading class org/apache/tomcat/util/collections/SynchronizedQueue
Event: 9.578 loading class org/apache/tomcat/util/collections/SynchronizedQueue done
Event: 9.579 Thread 0x000001cab92fe800 Thread added: 0x000001cab92fe800
Event: 9.579 loading class org/apache/tomcat/util/threads/TaskQueue
Event: 9.579 loading class org/apache/tomcat/util/threads/TaskQueue done
Event: 9.580 loading class java/nio/channels/spi/AbstractSelector$1
Event: 9.580 Executing VM operation: G1CollectForAllocation


Dynamic libraries:
0x00007ff69b0a0000 - 0x00007ff69b0af000 	C:\Program Files\Java\jdk-11.0.14\bin\javaw.exe
0x00007fff9ec30000 - 0x00007fff9ee28000 	C:\Windows\SYSTEM32\ntdll.dll
0x00007fff9cd50000 - 0x00007fff9ce0d000 	C:\Windows\System32\KERNEL32.DLL
0x00007fff9c450000 - 0x00007fff9c71e000 	C:\Windows\System32\KERNELBASE.dll
0x00007fff9c990000 - 0x00007fff9ca90000 	C:\Windows\System32\ucrtbase.dll
0x00007fff91a00000 - 0x00007fff91a18000 	C:\Program Files\Java\jdk-11.0.14\bin\jli.dll
0x00007fff919c0000 - 0x00007fff919d5000 	C:\Program Files\Java\jdk-11.0.14\bin\VCRUNTIME140.dll
0x00007fff9e830000 - 0x00007fff9e8de000 	C:\Windows\System32\ADVAPI32.dll
0x00007fff9e260000 - 0x00007fff9e2fe000 	C:\Windows\System32\msvcrt.dll
0x00007fff9d200000 - 0x00007fff9d29c000 	C:\Windows\System32\sechost.dll
0x00007fff9d2a0000 - 0x00007fff9d3c5000 	C:\Windows\System32\RPCRT4.dll
0x00007fff9d3d0000 - 0x00007fff9d570000 	C:\Windows\System32\USER32.dll
0x00007fff9ca90000 - 0x00007fff9cab2000 	C:\Windows\System32\win32u.dll
0x00007fff9e600000 - 0x00007fff9e62a000 	C:\Windows\System32\GDI32.dll
0x00007fff86da0000 - 0x00007fff8703a000 	C:\Windows\WinSxS\amd64_microsoft.windows.common-controls_6595b64144ccf1df_6.0.19041.1110_none_60b5254171f9507e\COMCTL32.dll
0x00007fff9c720000 - 0x00007fff9c82b000 	C:\Windows\System32\gdi32full.dll
0x00007fff9cac0000 - 0x00007fff9cb5d000 	C:\Windows\System32\msvcp_win.dll
0x00007fff944a0000 - 0x00007fff944aa000 	C:\Windows\SYSTEM32\VERSION.dll
0x00007fff9d570000 - 0x00007fff9d5a0000 	C:\Windows\System32\IMM32.DLL
0x00007fff8c960000 - 0x00007fff8c9fb000 	C:\Program Files\Java\jdk-11.0.14\bin\msvcp140.dll
0x00007fff3c350000 - 0x00007fff3ce66000 	C:\Program Files\Java\jdk-11.0.14\bin\server\jvm.dll
0x00007fff9e990000 - 0x00007fff9e998000 	C:\Windows\System32\PSAPI.DLL
0x00007fff8a0a0000 - 0x00007fff8a0a9000 	C:\Windows\SYSTEM32\WSOCK32.dll
0x00007fff94470000 - 0x00007fff94497000 	C:\Windows\SYSTEM32\WINMM.dll
0x00007fff9d630000 - 0x00007fff9d69b000 	C:\Windows\System32\WS2_32.dll
0x00007fff9a230000 - 0x00007fff9a242000 	C:\Windows\SYSTEM32\kernel.appcore.dll
0x00007fff991c0000 - 0x00007fff991d0000 	C:\Program Files\Java\jdk-11.0.14\bin\verify.dll
0x00007fff96b70000 - 0x00007fff96d54000 	C:\Windows\SYSTEM32\DBGHELP.DLL
0x00007fff8b270000 - 0x00007fff8b29c000 	C:\Windows\SYSTEM32\dbgcore.DLL
0x00007fff9c3c0000 - 0x00007fff9c442000 	C:\Windows\System32\bcryptPrimitives.dll
0x00007fff8c930000 - 0x00007fff8c958000 	C:\Program Files\Java\jdk-11.0.14\bin\java.dll
0x00007fff98030000 - 0x00007fff9803a000 	C:\Program Files\Java\jdk-11.0.14\bin\jimage.dll
0x00007fff8c910000 - 0x00007fff8c926000 	C:\Program Files\Java\jdk-11.0.14\bin\zip.dll
0x00007fff9d6a0000 - 0x00007fff9dde4000 	C:\Windows\System32\SHELL32.dll
0x00007fff9a430000 - 0x00007fff9abc4000 	C:\Windows\SYSTEM32\windows.storage.dll
0x00007fff9cea0000 - 0x00007fff9d1f4000 	C:\Windows\System32\combase.dll
0x00007fff9bcd0000 - 0x00007fff9bd00000 	C:\Windows\SYSTEM32\Wldp.dll
0x00007fff9e8e0000 - 0x00007fff9e98d000 	C:\Windows\System32\SHCORE.dll
0x00007fff9e5a0000 - 0x00007fff9e5f5000 	C:\Windows\System32\shlwapi.dll
0x00007fff9c290000 - 0x00007fff9c2af000 	C:\Windows\SYSTEM32\profapi.dll
0x00007fff8c8f0000 - 0x00007fff8c909000 	C:\Program Files\Java\jdk-11.0.14\bin\net.dll
0x00007fff946c0000 - 0x00007fff947ca000 	C:\Windows\SYSTEM32\WINHTTP.dll
0x00007fff9b9e0000 - 0x00007fff9ba4a000 	C:\Windows\system32\mswsock.dll
0x00007fff8c8d0000 - 0x00007fff8c8e2000 	C:\Program Files\Java\jdk-11.0.14\bin\nio.dll
0x00007fff8dba0000 - 0x00007fff8dba9000 	C:\Program Files\Java\jdk-11.0.14\bin\management.dll
0x00007fff8d2f0000 - 0x00007fff8d2fb000 	C:\Program Files\Java\jdk-11.0.14\bin\management_ext.dll
0x00007fff86730000 - 0x00007fff86747000 	C:\Windows\system32\napinsp.dll
0x00007fff82e00000 - 0x00007fff82e1b000 	C:\Windows\system32\pnrpnsp.dll
0x00007fff82de0000 - 0x00007fff82df5000 	C:\Windows\system32\wshbth.dll
0x00007fff97cf0000 - 0x00007fff97d0d000 	C:\Windows\system32\NLAapi.dll
0x00007fff9b6f0000 - 0x00007fff9b72b000 	C:\Windows\SYSTEM32\IPHLPAPI.DLL
0x00007fff9b730000 - 0x00007fff9b7fa000 	C:\Windows\SYSTEM32\DNSAPI.dll
0x00007fff9d5c0000 - 0x00007fff9d5c8000 	C:\Windows\System32\NSI.dll
0x00007fff82dc0000 - 0x00007fff82dd2000 	C:\Windows\System32\winrnr.dll
0x00007fff94460000 - 0x00007fff9446a000 	C:\Windows\System32\rasadhlp.dll
0x00007fff923c0000 - 0x00007fff92440000 	C:\Windows\System32\fwpuclnt.dll
0x00007fff9cc10000 - 0x00007fff9cc37000 	C:\Windows\System32\bcrypt.dll
0x00007fff9bd10000 - 0x00007fff9bd28000 	C:\Windows\SYSTEM32\CRYPTSP.dll
0x00007fff9b380000 - 0x00007fff9b3b4000 	C:\Windows\system32\rsaenh.dll
0x00007fff9c250000 - 0x00007fff9c27e000 	C:\Windows\SYSTEM32\USERENV.dll
0x00007fff9bb70000 - 0x00007fff9bb7c000 	C:\Windows\SYSTEM32\CRYPTBASE.dll
0x00007fff952e0000 - 0x00007fff952f7000 	C:\Windows\SYSTEM32\dhcpcsvc6.DLL
0x00007fff952c0000 - 0x00007fff952dd000 	C:\Windows\SYSTEM32\dhcpcsvc.DLL

dbghelp: loaded successfully - version: 4.0.5 - missing functions: none
symbol engine: initialized successfully - sym options: 0x614 - pdb path: .;C:\Program Files\Java\jdk-11.0.14\bin;C:\Windows\SYSTEM32;C:\Windows\WinSxS\amd64_microsoft.windows.common-controls_6595b64144ccf1df_6.0.19041.1110_none_60b5254171f9507e;C:\Program Files\Java\jdk-11.0.14\bin\server

VM Arguments:
jvm_args: -Dcom.sun.management.jmxremote -Dcom.sun.management.jmxremote.port=64817 -Dcom.sun.management.jmxremote.authenticate=false -Dcom.sun.management.jmxremote.ssl=false -Djava.rmi.server.hostname=localhost -Dspring.jmx.enabled=true -Dspring.application.admin.enabled=true -XX:TieredStopAtLevel=1 -Dspring.boot.project.name=hr-worker -Dfile.encoding=UTF-8 
java_command: com.ms.hrworker.HrWorkerApplication --spring.output.ansi.enabled=always
java_class_path (initial): C:\Users\felipe\Desktop\Projetos\MICROSSERVIÇOS\hr-worker\target\classes;C:\Users\felipe\.m2\repository\org\springframework\boot\spring-boot-starter-data-jpa\2.3.4.RELEASE\spring-boot-starter-data-jpa-2.3.4.RELEASE.jar;C:\Users\felipe\.m2\repository\org\springframework\boot\spring-boot-starter-aop\2.3.4.RELEASE\spring-boot-starter-aop-2.3.4.RELEASE.jar;C:\Users\felipe\.m2\repository\org\springframework\spring-aop\5.2.9.RELEASE\spring-aop-5.2.9.RELEASE.jar;C:\Users\felipe\.m2\repository\org\aspectj\aspectjweaver\1.9.6\aspectjweaver-1.9.6.jar;C:\Users\felipe\.m2\repository\org\springframework\boot\spring-boot-starter-jdbc\2.3.4.RELEASE\spring-boot-starter-jdbc-2.3.4.RELEASE.jar;C:\Users\felipe\.m2\repository\com\zaxxer\HikariCP\3.4.5\HikariCP-3.4.5.jar;C:\Users\felipe\.m2\repository\org\springframework\spring-jdbc\5.2.9.RELEASE\spring-jdbc-5.2.9.RELEASE.jar;C:\Users\felipe\.m2\repository\jakarta\transaction\jakarta.transaction-api\1.3.3\jakarta.transaction-api-1.3.3.jar;C:\Users\felipe\.m2\repository\jakarta\persistence\jakarta.persistence-api\2.2.3\jakarta.persistence-api-2.2.3.jar;C:\Users\felipe\.m2\repository\org\hibernate\hibernate-core\5.4.21.Final\hibernate-core-5.4.21.Final.jar;C:\Users\felipe\.m2\repository\org\jboss\logging\jboss-logging\3.4.1.Final\jboss-logging-3.4.1.Final.jar;C:\Users\felipe\.m2\repository\org\javassist\javassist\3.24.0-GA\javassist-3.24.0-GA.jar;C:\Users\felipe\.m2\repository\net\bytebuddy\byte-buddy\1.10.14\byte-buddy-1.10.14.jar;C:\Users\felipe\.m2\repository\antlr\antlr\2.7.7\antlr-2.7.7.jar;C:\Users\felipe\.m2\repository\org\jboss\jandex\2.1.3.Final\jandex-2.1.3.Final.jar;C:\Users\felipe\.m2\repository\com\fasterxml\classmate\1.5.1\classmate-1.5.1.jar;C:\Users\felipe\.m2\repository\org\dom4j\dom4j\2.1.3\dom4j-2.1.3.jar;C:\Users\felipe\.m2\repository\org\hibernate\common\hibernate-commons-annotations\5.1.0.Final\hibernate-commons-annotations-5.1.0.Final.jar;C:\Users\felipe\.m2\repository\org\glassfish\jaxb
Launcher Type: SUN_STANDARD

[Global flags]
     intx CICompilerCount                          = 3                                         {product} {ergonomic}
     uint ConcGCThreads                            = 1                                         {product} {ergonomic}
     uint G1ConcRefinementThreads                  = 4                                         {product} {ergonomic}
   size_t G1HeapRegionSize                         = 1048576                                   {product} {ergonomic}
    uintx GCDrainStackTargetSize                   = 64                                        {product} {ergonomic}
   size_t InitialHeapSize                          = 134217728                                 {product} {ergonomic}
     bool ManagementServer                         = true                                      {product} {command line}
   size_t MarkStackSize                            = 4194304                                   {product} {ergonomic}
   size_t MaxHeapSize                              = 2132803584                                {product} {ergonomic}
   size_t MaxNewSize                               = 1279262720                                {product} {ergonomic}
   size_t MinHeapDeltaBytes                        = 1048576                                   {product} {ergonomic}
    uintx NonNMethodCodeHeapSize                   = 6973028                                {pd product} {ergonomic}
    uintx NonProfiledCodeHeapSize                  = 244685212                              {pd product} {ergonomic}
    uintx ProfiledCodeHeapSize                     = 0                                      {pd product} {ergonomic}
    uintx ReservedCodeCacheSize                    = 251658240                              {pd product} {ergonomic}
     bool SegmentedCodeCache                       = true                                      {product} {ergonomic}
     intx TieredStopAtLevel                        = 1                                         {product} {command line}
     bool UseCompressedClassPointers               = true                                 {lp64_product} {ergonomic}
     bool UseCompressedOops                        = true                                 {lp64_product} {ergonomic}
     bool UseG1GC                                  = true                                      {product} {ergonomic}
     bool UseLargePagesIndividualAllocation        = false                                  {pd product} {ergonomic}

Logging:
Log output configuration:
 #0: stdout all=warning uptime,level,tags
 #1: stderr all=off uptime,level,tags

Environment Variables:
JAVA_HOME=C:\Program Files\Java\jdk-11.0.14
PATH=C:/Users/felipe/Desktop/Tools/sts-4.14.1.RELEASE//plugins/org.eclipse.justj.openjdk.hotspot.jre.full.win32.x86_64_17.0.2.v20220201-1208/jre/bin/server;C:/Users/felipe/Desktop/Tools/sts-4.14.1.RELEASE//plugins/org.eclipse.justj.openjdk.hotspot.jre.full.win32.x86_64_17.0.2.v20220201-1208/jre/bin;C:\Program Files\Python\Scripts\;C:\Program Files\Python\;C:\Program Files\Common Files\Oracle\Java\javapath;C:\Program Files (x86)\Common Files\Oracle\Java\javapath;C:\Windows\system32;C:\Windows;C:\Windows\System32\Wbem;C:\Windows\System32\WindowsPowerShell\v1.0\;C:\Windows\System32\OpenSSH\;C:\Program Files\nodejs\;C:\ProgramData\chocolatey\bin;C:\Program Files\Java\jdk-11.0.14\bin;C:\Program Files\Git\cmd;C:\Program Files\Amazon\AWSCLIV2\;C:\Program Files\Microsoft VS Code\bin;C:\Program Files\MongoDB\Server\5.0\bin;C:\apache-maven-3.8.6\bin;;C:\Program Files\Docker\Docker\resources\bin;C:\ProgramData\DockerDesktop\version-bin;C:\Program Files\Go\bin;C:\Program Files\dotnet\;C:\Users\felipe\AppData\Local\Microsoft\WindowsApps;C:\Users\felipe\AppData\Roaming\npm;C:\Program Files\JetBrains\IntelliJ IDEA Community Edition 2022.1\bin;;C:\Program Files\heroku\bin;C:\Users\felipe\go\bin;C:\Users\felipe\.dotnet\tools;C:\ProgramData\chocolatey\lib\mingw\tools\install\mingw64\bin;;C:\Users\felipe\Desktop\Tools\sts-4.14.1.RELEASE;
USERNAME=felipe
OS=Windows_NT
PROCESSOR_IDENTIFIER=Intel64 Family 6 Model 94 Stepping 3, GenuineIntel



---------------  S Y S T E M  ---------------

OS: Windows 10 , 64 bit Build 19041 (10.0.19041.1889)
Hyper-V role detected

CPU:total 4 (initial active 4) (4 cores per cpu, 1 threads per core) family 6 model 94 stepping 3 microcode 0xcc, cmov, cx8, fxsr, mmx, sse, sse2, sse3, ssse3, sse4.1, sse4.2, popcnt, avx, avx2, aes, clmul, erms, rtm, 3dnowpref, lzcnt, tsc, tscinvbit, bmi1, bmi2, adx, fma

Memory: 4k page, system-wide physical 8135M (876M free)
TotalPageFile size 10183M (AvailPageFile size 32M)
current process WorkingSet (physical memory assigned to process): 261M, peak: 261M
current process commit charge ("private bytes"): 326M, peak: 357M

vm_info: Java HotSpot(TM) 64-Bit Server VM (11.0.14+8-LTS-263) for windows-amd64 JRE (11.0.14+8-LTS-263), built on Dec  7 2021 21:53:57 by "mach5one" with MS VC++ 15.9 (VS2017)

END.
