#
# There is insufficient memory for the Java Runtime Environment to continue.
# Native memory allocation (malloc) failed to allocate 32744 bytes for ChunkPool::allocate
# Possible reasons:
#   The system is out of physical RAM or swap space
#   The process is running with CompressedOops enabled, and the Java Heap may be blocking the growth of the native heap
# Possible solutions:
#   Reduce memory load on the system
#   Increase physical memory or swap space
#   Check if swap backing store is full
#   Decrease Java heap size (-Xmx/-Xms)
#   Decrease number of Java threads
#   Decrease Java thread stack sizes (-Xss)
#   Set larger code cache with -XX:ReservedCodeCacheSize=
#   JVM is running with Unscaled Compressed Oops mode in which the Java heap is
#     placed in the first 4GB address space. The Java Heap base address is the
#     maximum limit for the native heap growth. Please use -XX:HeapBaseMinAddress
#     to set the Java Heap base and to place the Java Heap above 4GB virtual address.
# This output file may be truncated or incomplete.
#
#  Out of Memory Error (./open/src/hotspot/share/memory/arena.cpp:81), pid=2232, tid=9604
#
# JRE version: Java(TM) SE Runtime Environment 18.9 (11.0.14+8) (build 11.0.14+8-LTS-263)
# Java VM: Java HotSpot(TM) 64-Bit Server VM 18.9 (11.0.14+8-LTS-263, mixed mode, tiered, compressed oops, g1 gc, windows-amd64)
# No core dump will be written. Minidumps are not enabled by default on client versions of Windows
#

---------------  S U M M A R Y ------------

Command Line: -XX:TieredStopAtLevel=1 -Xverify:none -Dspring.output.ansi.enabled=always -Dcom.sun.management.jmxremote -Dspring.jmx.enabled=true -Dspring.liveBeansView.mbeanDomain -Dspring.application.admin.enabled=true -javaagent:C:\Program Files\JetBrains\IntelliJ IDEA 2022.1.1\lib\idea_rt.jar=51023:C:\Program Files\JetBrains\IntelliJ IDEA 2022.1.1\bin -Dfile.encoding=UTF-8 com.hrpayroll.HrPayrollApplication

Host: Intel(R) Core(TM) i5-6500 CPU @ 3.20GHz, 4 cores, 7G,  Windows 10 , 64 bit Build 19041 (10.0.19041.1889)
Time: Mon Aug 22 12:24:05 2022 Hora oficial do Brasil elapsed time: 3.001638 seconds (0d 0h 0m 3s)

---------------  T H R E A D  ---------------

Current thread (0x0000024dc68cc800):  JavaThread "C1 CompilerThread0" daemon [_thread_in_native, id=9604, stack(0x0000005aa2f00000,0x0000005aa3000000)]


Current CompileTask:
C1:   3001 1179       1       jdk.internal.org.objectweb.asm.MethodWriter::put (1602 bytes)

Stack: [0x0000005aa2f00000,0x0000005aa3000000]
Native frames: (J=compiled Java code, j=interpreted, Vv=VM code, C=native code)
V  [jvm.dll+0x6296da]
V  [jvm.dll+0x76323f]
V  [jvm.dll+0x7648e9]
V  [jvm.dll+0x764f73]
V  [jvm.dll+0x23d7c8]
V  [jvm.dll+0xb2bdb]
V  [jvm.dll+0xb2f3c]
V  [jvm.dll+0x15ab53]
V  [jvm.dll+0x15a812]
V  [jvm.dll+0x15c7aa]
V  [jvm.dll+0x15b175]
V  [jvm.dll+0x15b49a]
V  [jvm.dll+0x15deb4]
V  [jvm.dll+0x118935]
V  [jvm.dll+0x1181cf]
V  [jvm.dll+0x1183ff]
V  [jvm.dll+0x1176a4]
V  [jvm.dll+0x119577]
V  [jvm.dll+0x206e26]
V  [jvm.dll+0x204fbb]
V  [jvm.dll+0x729170]
V  [jvm.dll+0x721d44]
V  [jvm.dll+0x6285d6]
C  [ucrtbase.dll+0x21bb2]
C  [KERNEL32.DLL+0x17034]
C  [ntdll.dll+0x52651]


---------------  P R O C E S S  ---------------

Threads class SMR info:
_java_thread_list=0x0000024dc7948ea0, length=13, elements={
0x0000024da91a5800, 0x0000024dc68b0800, 0x0000024dc68ba000, 0x0000024dc7242800,
0x0000024dc68c7000, 0x0000024dc68c7800, 0x0000024dc68cc800, 0x0000024dc68db800,
0x0000024dc6845000, 0x0000024dc76e2000, 0x0000024dc78ad800, 0x0000024dc7a04000,
0x0000024dc7a60800
}

Java Threads: ( => current thread )
  0x0000024da91a5800 JavaThread "main" [_thread_in_native, id=9528, stack(0x0000005aa2300000,0x0000005aa2400000)]
  0x0000024dc68b0800 JavaThread "Reference Handler" daemon [_thread_blocked, id=10268, stack(0x0000005aa2a00000,0x0000005aa2b00000)]
  0x0000024dc68ba000 JavaThread "Finalizer" daemon [_thread_blocked, id=9796, stack(0x0000005aa2b00000,0x0000005aa2c00000)]
  0x0000024dc7242800 JavaThread "Signal Dispatcher" daemon [_thread_blocked, id=8776, stack(0x0000005aa2c00000,0x0000005aa2d00000)]
  0x0000024dc68c7000 JavaThread "Attach Listener" daemon [_thread_blocked, id=11176, stack(0x0000005aa2d00000,0x0000005aa2e00000)]
  0x0000024dc68c7800 JavaThread "Service Thread" daemon [_thread_blocked, id=5904, stack(0x0000005aa2e00000,0x0000005aa2f00000)]
=>0x0000024dc68cc800 JavaThread "C1 CompilerThread0" daemon [_thread_in_native, id=9604, stack(0x0000005aa2f00000,0x0000005aa3000000)]
  0x0000024dc68db800 JavaThread "Sweeper thread" daemon [_thread_blocked, id=2188, stack(0x0000005aa3000000,0x0000005aa3100000)]
  0x0000024dc6845000 JavaThread "Common-Cleaner" daemon [_thread_blocked, id=10944, stack(0x0000005aa3100000,0x0000005aa3200000)]
  0x0000024dc76e2000 JavaThread "Monitor Ctrl-Break" daemon [_thread_in_native, id=8684, stack(0x0000005aa3200000,0x0000005aa3300000)]
  0x0000024dc78ad800 JavaThread "RMI TCP Accept-0" daemon [_thread_in_native, id=9780, stack(0x0000005aa3300000,0x0000005aa3400000)]
  0x0000024dc7a04000 JavaThread "RMI TCP Connection(1)-192.168.1.104" daemon [_thread_in_native, id=2700, stack(0x0000005aa3700000,0x0000005aa3800000)]
  0x0000024dc7a60800 JavaThread "RMI Scheduler(0)" daemon [_thread_blocked, id=8436, stack(0x0000005aa3800000,0x0000005aa3900000)]

Other Threads:
  0x0000024dc688a000 VMThread "VM Thread" [stack: 0x0000005aa2900000,0x0000005aa2a00000] [id=7080]
  0x0000024dc78a9000 WatcherThread [stack: 0x0000005aa3400000,0x0000005aa3500000] [id=1924]
  0x0000024da91b9800 GCTaskThread "GC Thread#0" [stack: 0x0000005aa2400000,0x0000005aa2500000] [id=10816]
  0x0000024dc7992800 GCTaskThread "GC Thread#1" [stack: 0x0000005aa3500000,0x0000005aa3600000] [id=3944]
  0x0000024dc79d5800 GCTaskThread "GC Thread#2" [stack: 0x0000005aa3600000,0x0000005aa3700000] [id=5300]
  0x0000024da91eb000 ConcurrentGCThread "G1 Main Marker" [stack: 0x0000005aa2500000,0x0000005aa2600000] [id=10360]
  0x0000024da91ec800 ConcurrentGCThread "G1 Conc#0" [stack: 0x0000005aa2600000,0x0000005aa2700000] [id=9060]
  0x0000024dc66f0800 ConcurrentGCThread "G1 Refine#0" [stack: 0x0000005aa2700000,0x0000005aa2800000] [id=8060]
  0x0000024dc66f1000 ConcurrentGCThread "G1 Young RemSet Sampling" [stack: 0x0000005aa2800000,0x0000005aa2900000] [id=10436]

Threads with active compile tasks:
C1 CompilerThread0   3049 1179       1       jdk.internal.org.objectweb.asm.MethodWriter::put (1602 bytes)

VM state:not at safepoint (normal execution)

VM Mutex/Monitor currently owned by a thread: None

OutOfMemory and StackOverflow Exception counts:
OutOfMemoryError java_heap_errors=1
LinkageErrors=18

Heap address: 0x0000000080e00000, size: 2034 MB, Compressed Oops mode: 32-bit
Narrow klass base: 0x0000000000000000, Narrow klass shift: 3
Compressed class space size: 1073741824 Address: 0x0000000100000000

Heap:
 garbage-first heap   total 131072K, used 10214K [0x0000000080e00000, 0x0000000100000000)
  region size 1024K, 8 young (8192K), 2 survivors (2048K)
 Metaspace       used 13929K, capacity 14367K, committed 14592K, reserved 1067008K
  class space    used 1493K, capacity 1666K, committed 1792K, reserved 1048576K
Heap Regions: E=young(eden), S=young(survivor), O=old, HS=humongous(starts), HC=humongous(continues), CS=collection set, F=free, A=archive, TAMS=top-at-mark-start (previous, next)
|   0|0x0000000080e00000, 0x0000000080f00000, 0x0000000080f00000|100%| O|  |TAMS 0x0000000080e00000, 0x0000000080e00000| Untracked 
|   1|0x0000000080f00000, 0x0000000081000000, 0x0000000081000000|100%| O|  |TAMS 0x0000000080f00000, 0x0000000080f00000| Untracked 
|   2|0x0000000081000000, 0x00000000810f9800, 0x0000000081100000| 97%| O|  |TAMS 0x0000000081000000, 0x0000000081000000| Untracked 
|   3|0x0000000081100000, 0x0000000081100000, 0x0000000081200000|  0%| F|  |TAMS 0x0000000081100000, 0x0000000081100000| Untracked 
|   4|0x0000000081200000, 0x0000000081200000, 0x0000000081300000|  0%| F|  |TAMS 0x0000000081200000, 0x0000000081200000| Untracked 
|   5|0x0000000081300000, 0x0000000081300000, 0x0000000081400000|  0%| F|  |TAMS 0x0000000081300000, 0x0000000081300000| Untracked 
|   6|0x0000000081400000, 0x0000000081400000, 0x0000000081500000|  0%| F|  |TAMS 0x0000000081400000, 0x0000000081400000| Untracked 
|   7|0x0000000081500000, 0x0000000081500000, 0x0000000081600000|  0%| F|  |TAMS 0x0000000081500000, 0x0000000081500000| Untracked 
|   8|0x0000000081600000, 0x0000000081600000, 0x0000000081700000|  0%| F|  |TAMS 0x0000000081600000, 0x0000000081600000| Untracked 
|   9|0x0000000081700000, 0x0000000081700000, 0x0000000081800000|  0%| F|  |TAMS 0x0000000081700000, 0x0000000081700000| Untracked 
|  10|0x0000000081800000, 0x0000000081800000, 0x0000000081900000|  0%| F|  |TAMS 0x0000000081800000, 0x0000000081800000| Untracked 
|  11|0x0000000081900000, 0x0000000081900000, 0x0000000081a00000|  0%| F|  |TAMS 0x0000000081900000, 0x0000000081900000| Untracked 
|  12|0x0000000081a00000, 0x0000000081a00000, 0x0000000081b00000|  0%| F|  |TAMS 0x0000000081a00000, 0x0000000081a00000| Untracked 
|  13|0x0000000081b00000, 0x0000000081b00000, 0x0000000081c00000|  0%| F|  |TAMS 0x0000000081b00000, 0x0000000081b00000| Untracked 
|  14|0x0000000081c00000, 0x0000000081c00000, 0x0000000081d00000|  0%| F|  |TAMS 0x0000000081c00000, 0x0000000081c00000| Untracked 
|  15|0x0000000081d00000, 0x0000000081d00000, 0x0000000081e00000|  0%| F|  |TAMS 0x0000000081d00000, 0x0000000081d00000| Untracked 
|  16|0x0000000081e00000, 0x0000000081e00000, 0x0000000081f00000|  0%| F|  |TAMS 0x0000000081e00000, 0x0000000081e00000| Untracked 
|  17|0x0000000081f00000, 0x0000000081f00000, 0x0000000082000000|  0%| F|  |TAMS 0x0000000081f00000, 0x0000000081f00000| Untracked 
|  18|0x0000000082000000, 0x0000000082000000, 0x0000000082100000|  0%| F|  |TAMS 0x0000000082000000, 0x0000000082000000| Untracked 
|  19|0x0000000082100000, 0x0000000082100000, 0x0000000082200000|  0%| F|  |TAMS 0x0000000082100000, 0x0000000082100000| Untracked 
|  20|0x0000000082200000, 0x0000000082200000, 0x0000000082300000|  0%| F|  |TAMS 0x0000000082200000, 0x0000000082200000| Untracked 
|  21|0x0000000082300000, 0x0000000082300000, 0x0000000082400000|  0%| F|  |TAMS 0x0000000082300000, 0x0000000082300000| Untracked 
|  22|0x0000000082400000, 0x0000000082400000, 0x0000000082500000|  0%| F|  |TAMS 0x0000000082400000, 0x0000000082400000| Untracked 
|  23|0x0000000082500000, 0x0000000082500000, 0x0000000082600000|  0%| F|  |TAMS 0x0000000082500000, 0x0000000082500000| Untracked 
|  24|0x0000000082600000, 0x0000000082600000, 0x0000000082700000|  0%| F|  |TAMS 0x0000000082600000, 0x0000000082600000| Untracked 
|  25|0x0000000082700000, 0x0000000082700000, 0x0000000082800000|  0%| F|  |TAMS 0x0000000082700000, 0x0000000082700000| Untracked 
|  26|0x0000000082800000, 0x0000000082800000, 0x0000000082900000|  0%| F|  |TAMS 0x0000000082800000, 0x0000000082800000| Untracked 
|  27|0x0000000082900000, 0x0000000082900000, 0x0000000082a00000|  0%| F|  |TAMS 0x0000000082900000, 0x0000000082900000| Untracked 
|  28|0x0000000082a00000, 0x0000000082a00000, 0x0000000082b00000|  0%| F|  |TAMS 0x0000000082a00000, 0x0000000082a00000| Untracked 
|  29|0x0000000082b00000, 0x0000000082b00000, 0x0000000082c00000|  0%| F|  |TAMS 0x0000000082b00000, 0x0000000082b00000| Untracked 
|  30|0x0000000082c00000, 0x0000000082c00000, 0x0000000082d00000|  0%| F|  |TAMS 0x0000000082c00000, 0x0000000082c00000| Untracked 
|  31|0x0000000082d00000, 0x0000000082d00000, 0x0000000082e00000|  0%| F|  |TAMS 0x0000000082d00000, 0x0000000082d00000| Untracked 
|  32|0x0000000082e00000, 0x0000000082e00000, 0x0000000082f00000|  0%| F|  |TAMS 0x0000000082e00000, 0x0000000082e00000| Untracked 
|  33|0x0000000082f00000, 0x0000000082f00000, 0x0000000083000000|  0%| F|  |TAMS 0x0000000082f00000, 0x0000000082f00000| Untracked 
|  34|0x0000000083000000, 0x0000000083000000, 0x0000000083100000|  0%| F|  |TAMS 0x0000000083000000, 0x0000000083000000| Untracked 
|  35|0x0000000083100000, 0x0000000083100000, 0x0000000083200000|  0%| F|  |TAMS 0x0000000083100000, 0x0000000083100000| Untracked 
|  36|0x0000000083200000, 0x0000000083200000, 0x0000000083300000|  0%| F|  |TAMS 0x0000000083200000, 0x0000000083200000| Untracked 
|  37|0x0000000083300000, 0x0000000083300000, 0x0000000083400000|  0%| F|  |TAMS 0x0000000083300000, 0x0000000083300000| Untracked 
|  38|0x0000000083400000, 0x0000000083400000, 0x0000000083500000|  0%| F|  |TAMS 0x0000000083400000, 0x0000000083400000| Untracked 
|  39|0x0000000083500000, 0x0000000083500000, 0x0000000083600000|  0%| F|  |TAMS 0x0000000083500000, 0x0000000083500000| Untracked 
|  40|0x0000000083600000, 0x0000000083600000, 0x0000000083700000|  0%| F|  |TAMS 0x0000000083600000, 0x0000000083600000| Untracked 
|  41|0x0000000083700000, 0x0000000083700000, 0x0000000083800000|  0%| F|  |TAMS 0x0000000083700000, 0x0000000083700000| Untracked 
|  42|0x0000000083800000, 0x0000000083800000, 0x0000000083900000|  0%| F|  |TAMS 0x0000000083800000, 0x0000000083800000| Untracked 
|  43|0x0000000083900000, 0x0000000083900000, 0x0000000083a00000|  0%| F|  |TAMS 0x0000000083900000, 0x0000000083900000| Untracked 
|  44|0x0000000083a00000, 0x0000000083a00000, 0x0000000083b00000|  0%| F|  |TAMS 0x0000000083a00000, 0x0000000083a00000| Untracked 
|  45|0x0000000083b00000, 0x0000000083b00000, 0x0000000083c00000|  0%| F|  |TAMS 0x0000000083b00000, 0x0000000083b00000| Untracked 
|  46|0x0000000083c00000, 0x0000000083c00000, 0x0000000083d00000|  0%| F|  |TAMS 0x0000000083c00000, 0x0000000083c00000| Untracked 
|  47|0x0000000083d00000, 0x0000000083d00000, 0x0000000083e00000|  0%| F|  |TAMS 0x0000000083d00000, 0x0000000083d00000| Untracked 
|  48|0x0000000083e00000, 0x0000000083e00000, 0x0000000083f00000|  0%| F|  |TAMS 0x0000000083e00000, 0x0000000083e00000| Untracked 
|  49|0x0000000083f00000, 0x0000000083f00000, 0x0000000084000000|  0%| F|  |TAMS 0x0000000083f00000, 0x0000000083f00000| Untracked 
|  50|0x0000000084000000, 0x0000000084000000, 0x0000000084100000|  0%| F|  |TAMS 0x0000000084000000, 0x0000000084000000| Untracked 
|  51|0x0000000084100000, 0x0000000084100000, 0x0000000084200000|  0%| F|  |TAMS 0x0000000084100000, 0x0000000084100000| Untracked 
|  52|0x0000000084200000, 0x0000000084200000, 0x0000000084300000|  0%| F|  |TAMS 0x0000000084200000, 0x0000000084200000| Untracked 
|  53|0x0000000084300000, 0x0000000084300000, 0x0000000084400000|  0%| F|  |TAMS 0x0000000084300000, 0x0000000084300000| Untracked 
|  54|0x0000000084400000, 0x0000000084400000, 0x0000000084500000|  0%| F|  |TAMS 0x0000000084400000, 0x0000000084400000| Untracked 
|  55|0x0000000084500000, 0x0000000084500000, 0x0000000084600000|  0%| F|  |TAMS 0x0000000084500000, 0x0000000084500000| Untracked 
|  56|0x0000000084600000, 0x0000000084600000, 0x0000000084700000|  0%| F|  |TAMS 0x0000000084600000, 0x0000000084600000| Untracked 
|  57|0x0000000084700000, 0x0000000084700000, 0x0000000084800000|  0%| F|  |TAMS 0x0000000084700000, 0x0000000084700000| Untracked 
|  58|0x0000000084800000, 0x0000000084800000, 0x0000000084900000|  0%| F|  |TAMS 0x0000000084800000, 0x0000000084800000| Untracked 
|  59|0x0000000084900000, 0x0000000084900000, 0x0000000084a00000|  0%| F|  |TAMS 0x0000000084900000, 0x0000000084900000| Untracked 
|  60|0x0000000084a00000, 0x0000000084a00000, 0x0000000084b00000|  0%| F|  |TAMS 0x0000000084a00000, 0x0000000084a00000| Untracked 
|  61|0x0000000084b00000, 0x0000000084b00000, 0x0000000084c00000|  0%| F|  |TAMS 0x0000000084b00000, 0x0000000084b00000| Untracked 
|  62|0x0000000084c00000, 0x0000000084c00000, 0x0000000084d00000|  0%| F|  |TAMS 0x0000000084c00000, 0x0000000084c00000| Untracked 
|  63|0x0000000084d00000, 0x0000000084d00000, 0x0000000084e00000|  0%| F|  |TAMS 0x0000000084d00000, 0x0000000084d00000| Untracked 
|  64|0x0000000084e00000, 0x0000000084e00000, 0x0000000084f00000|  0%| F|  |TAMS 0x0000000084e00000, 0x0000000084e00000| Untracked 
|  65|0x0000000084f00000, 0x0000000084f00000, 0x0000000085000000|  0%| F|  |TAMS 0x0000000084f00000, 0x0000000084f00000| Untracked 
|  66|0x0000000085000000, 0x0000000085000000, 0x0000000085100000|  0%| F|  |TAMS 0x0000000085000000, 0x0000000085000000| Untracked 
|  67|0x0000000085100000, 0x0000000085100000, 0x0000000085200000|  0%| F|  |TAMS 0x0000000085100000, 0x0000000085100000| Untracked 
|  68|0x0000000085200000, 0x0000000085200000, 0x0000000085300000|  0%| F|  |TAMS 0x0000000085200000, 0x0000000085200000| Untracked 
|  69|0x0000000085300000, 0x0000000085300000, 0x0000000085400000|  0%| F|  |TAMS 0x0000000085300000, 0x0000000085300000| Untracked 
|  70|0x0000000085400000, 0x0000000085400000, 0x0000000085500000|  0%| F|  |TAMS 0x0000000085400000, 0x0000000085400000| Untracked 
|  71|0x0000000085500000, 0x0000000085500000, 0x0000000085600000|  0%| F|  |TAMS 0x0000000085500000, 0x0000000085500000| Untracked 
|  72|0x0000000085600000, 0x0000000085600000, 0x0000000085700000|  0%| F|  |TAMS 0x0000000085600000, 0x0000000085600000| Untracked 
|  73|0x0000000085700000, 0x0000000085700000, 0x0000000085800000|  0%| F|  |TAMS 0x0000000085700000, 0x0000000085700000| Untracked 
|  74|0x0000000085800000, 0x0000000085800000, 0x0000000085900000|  0%| F|  |TAMS 0x0000000085800000, 0x0000000085800000| Untracked 
|  75|0x0000000085900000, 0x0000000085900000, 0x0000000085a00000|  0%| F|  |TAMS 0x0000000085900000, 0x0000000085900000| Untracked 
|  76|0x0000000085a00000, 0x0000000085a00000, 0x0000000085b00000|  0%| F|  |TAMS 0x0000000085a00000, 0x0000000085a00000| Untracked 
|  77|0x0000000085b00000, 0x0000000085b00000, 0x0000000085c00000|  0%| F|  |TAMS 0x0000000085b00000, 0x0000000085b00000| Untracked 
|  78|0x0000000085c00000, 0x0000000085c00000, 0x0000000085d00000|  0%| F|  |TAMS 0x0000000085c00000, 0x0000000085c00000| Untracked 
|  79|0x0000000085d00000, 0x0000000085d00000, 0x0000000085e00000|  0%| F|  |TAMS 0x0000000085d00000, 0x0000000085d00000| Untracked 
|  80|0x0000000085e00000, 0x0000000085e00000, 0x0000000085f00000|  0%| F|  |TAMS 0x0000000085e00000, 0x0000000085e00000| Untracked 
|  81|0x0000000085f00000, 0x0000000085f00000, 0x0000000086000000|  0%| F|  |TAMS 0x0000000085f00000, 0x0000000085f00000| Untracked 
|  82|0x0000000086000000, 0x0000000086000000, 0x0000000086100000|  0%| F|  |TAMS 0x0000000086000000, 0x0000000086000000| Untracked 
|  83|0x0000000086100000, 0x0000000086100000, 0x0000000086200000|  0%| F|  |TAMS 0x0000000086100000, 0x0000000086100000| Untracked 
|  84|0x0000000086200000, 0x0000000086200000, 0x0000000086300000|  0%| F|  |TAMS 0x0000000086200000, 0x0000000086200000| Untracked 
|  85|0x0000000086300000, 0x0000000086300000, 0x0000000086400000|  0%| F|  |TAMS 0x0000000086300000, 0x0000000086300000| Untracked 
|  86|0x0000000086400000, 0x0000000086400000, 0x0000000086500000|  0%| F|  |TAMS 0x0000000086400000, 0x0000000086400000| Untracked 
|  87|0x0000000086500000, 0x0000000086500000, 0x0000000086600000|  0%| F|  |TAMS 0x0000000086500000, 0x0000000086500000| Untracked 
|  88|0x0000000086600000, 0x0000000086600000, 0x0000000086700000|  0%| F|  |TAMS 0x0000000086600000, 0x0000000086600000| Untracked 
|  89|0x0000000086700000, 0x0000000086700000, 0x0000000086800000|  0%| F|  |TAMS 0x0000000086700000, 0x0000000086700000| Untracked 
|  90|0x0000000086800000, 0x0000000086800000, 0x0000000086900000|  0%| F|  |TAMS 0x0000000086800000, 0x0000000086800000| Untracked 
|  91|0x0000000086900000, 0x0000000086900000, 0x0000000086a00000|  0%| F|  |TAMS 0x0000000086900000, 0x0000000086900000| Untracked 
|  92|0x0000000086a00000, 0x0000000086a00000, 0x0000000086b00000|  0%| F|  |TAMS 0x0000000086a00000, 0x0000000086a00000| Untracked 
|  93|0x0000000086b00000, 0x0000000086b00000, 0x0000000086c00000|  0%| F|  |TAMS 0x0000000086b00000, 0x0000000086b00000| Untracked 
|  94|0x0000000086c00000, 0x0000000086c00000, 0x0000000086d00000|  0%| F|  |TAMS 0x0000000086c00000, 0x0000000086c00000| Untracked 
|  95|0x0000000086d00000, 0x0000000086d00000, 0x0000000086e00000|  0%| F|  |TAMS 0x0000000086d00000, 0x0000000086d00000| Untracked 
|  96|0x0000000086e00000, 0x0000000086e00000, 0x0000000086f00000|  0%| F|  |TAMS 0x0000000086e00000, 0x0000000086e00000| Untracked 
|  97|0x0000000086f00000, 0x0000000086f00000, 0x0000000087000000|  0%| F|  |TAMS 0x0000000086f00000, 0x0000000086f00000| Untracked 
|  98|0x0000000087000000, 0x0000000087000000, 0x0000000087100000|  0%| F|  |TAMS 0x0000000087000000, 0x0000000087000000| Untracked 
|  99|0x0000000087100000, 0x0000000087100000, 0x0000000087200000|  0%| F|  |TAMS 0x0000000087100000, 0x0000000087100000| Untracked 
| 100|0x0000000087200000, 0x0000000087200000, 0x0000000087300000|  0%| F|  |TAMS 0x0000000087200000, 0x0000000087200000| Untracked 
| 101|0x0000000087300000, 0x0000000087300000, 0x0000000087400000|  0%| F|  |TAMS 0x0000000087300000, 0x0000000087300000| Untracked 
| 102|0x0000000087400000, 0x0000000087400000, 0x0000000087500000|  0%| F|  |TAMS 0x0000000087400000, 0x0000000087400000| Untracked 
| 103|0x0000000087500000, 0x0000000087500000, 0x0000000087600000|  0%| F|  |TAMS 0x0000000087500000, 0x0000000087500000| Untracked 
| 104|0x0000000087600000, 0x0000000087600000, 0x0000000087700000|  0%| F|  |TAMS 0x0000000087600000, 0x0000000087600000| Untracked 
| 105|0x0000000087700000, 0x0000000087700000, 0x0000000087800000|  0%| F|  |TAMS 0x0000000087700000, 0x0000000087700000| Untracked 
| 106|0x0000000087800000, 0x0000000087800000, 0x0000000087900000|  0%| F|  |TAMS 0x0000000087800000, 0x0000000087800000| Untracked 
| 107|0x0000000087900000, 0x0000000087900000, 0x0000000087a00000|  0%| F|  |TAMS 0x0000000087900000, 0x0000000087900000| Untracked 
| 108|0x0000000087a00000, 0x0000000087a00000, 0x0000000087b00000|  0%| F|  |TAMS 0x0000000087a00000, 0x0000000087a00000| Untracked 
| 109|0x0000000087b00000, 0x0000000087b00000, 0x0000000087c00000|  0%| F|  |TAMS 0x0000000087b00000, 0x0000000087b00000| Untracked 
| 110|0x0000000087c00000, 0x0000000087c00000, 0x0000000087d00000|  0%| F|  |TAMS 0x0000000087c00000, 0x0000000087c00000| Untracked 
| 111|0x0000000087d00000, 0x0000000087d00000, 0x0000000087e00000|  0%| F|  |TAMS 0x0000000087d00000, 0x0000000087d00000| Untracked 
| 112|0x0000000087e00000, 0x0000000087f00000, 0x0000000087f00000|100%| S|CS|TAMS 0x0000000087e00000, 0x0000000087e00000| Complete 
| 113|0x0000000087f00000, 0x0000000088000000, 0x0000000088000000|100%| S|CS|TAMS 0x0000000087f00000, 0x0000000087f00000| Complete 
| 114|0x0000000088000000, 0x0000000088000000, 0x0000000088100000|  0%| F|  |TAMS 0x0000000088000000, 0x0000000088000000| Untracked 
| 115|0x0000000088100000, 0x0000000088100000, 0x0000000088200000|  0%| F|  |TAMS 0x0000000088100000, 0x0000000088100000| Untracked 
| 116|0x0000000088200000, 0x0000000088200000, 0x0000000088300000|  0%| F|  |TAMS 0x0000000088200000, 0x0000000088200000| Untracked 
| 117|0x0000000088300000, 0x0000000088300000, 0x0000000088400000|  0%| F|  |TAMS 0x0000000088300000, 0x0000000088300000| Untracked 
| 118|0x0000000088400000, 0x0000000088400000, 0x0000000088500000|  0%| F|  |TAMS 0x0000000088400000, 0x0000000088400000| Untracked 
| 119|0x0000000088500000, 0x0000000088500000, 0x0000000088600000|  0%| F|  |TAMS 0x0000000088500000, 0x0000000088500000| Untracked 
| 120|0x0000000088600000, 0x0000000088600000, 0x0000000088700000|  0%| F|  |TAMS 0x0000000088600000, 0x0000000088600000| Untracked 
| 121|0x0000000088700000, 0x0000000088700000, 0x0000000088800000|  0%| F|  |TAMS 0x0000000088700000, 0x0000000088700000| Untracked 
| 122|0x0000000088800000, 0x00000000888477c8, 0x0000000088900000| 27%| E|  |TAMS 0x0000000088800000, 0x0000000088800000| Complete 
| 123|0x0000000088900000, 0x0000000088a00000, 0x0000000088a00000|100%| E|CS|TAMS 0x0000000088900000, 0x0000000088900000| Complete 
| 124|0x0000000088a00000, 0x0000000088b00000, 0x0000000088b00000|100%| E|CS|TAMS 0x0000000088a00000, 0x0000000088a00000| Complete 
| 125|0x0000000088b00000, 0x0000000088c00000, 0x0000000088c00000|100%| E|CS|TAMS 0x0000000088b00000, 0x0000000088b00000| Complete 
| 126|0x0000000088c00000, 0x0000000088d00000, 0x0000000088d00000|100%| E|CS|TAMS 0x0000000088c00000, 0x0000000088c00000| Complete 
| 127|0x0000000088d00000, 0x0000000088e00000, 0x0000000088e00000|100%| E|CS|TAMS 0x0000000088d00000, 0x0000000088d00000| Complete 

Card table byte_map: [0x0000024dbfc20000,0x0000024dc0020000] _byte_map_base: 0x0000024dbf819000

Marking Bits (Prev, Next): (CMBitMap*) 0x0000024da91e2208, (CMBitMap*) 0x0000024da91e2240
 Prev Bits: [0x0000024dc0420000, 0x0000024dc23e8000)
 Next Bits: [0x0000024dc23f0000, 0x0000024dc43b8000)

Polling page: 0x0000024da7100000

Metaspace:

Usage:
  Non-class:     12.41 MB capacity,    12.16 MB ( 98%) used,   215.56 KB (  2%) free+waste,    36.44 KB ( <1%) overhead. 
      Class:      1.63 MB capacity,     1.46 MB ( 90%) used,   153.37 KB (  9%) free+waste,    19.50 KB (  1%) overhead. 
       Both:     14.03 MB capacity,    13.62 MB ( 97%) used,   368.93 KB (  3%) free+waste,    55.94 KB ( <1%) overhead. 

Virtual space:
  Non-class space:       18.00 MB reserved,      12.50 MB ( 69%) committed 
      Class space:        1.00 GB reserved,       1.75 MB ( <1%) committed 
             Both:        1.02 GB reserved,      14.25 MB (  1%) committed 

Chunk freelists:
   Non-Class:  4.13 KB
       Class:  0 bytes
        Both:  4.13 KB

CodeHeap 'non-profiled nmethods': size=238912Kb used=1530Kb max_used=1530Kb free=237381Kb
 bounds [0x0000024db0ed0000, 0x0000024db1140000, 0x0000024dbf820000]
CodeHeap 'non-nmethods': size=6848Kb used=1117Kb max_used=1117Kb free=5730Kb
 bounds [0x0000024db0820000, 0x0000024db0a90000, 0x0000024db0ed0000]
 total_blobs=1620 nmethods=1183 adapters=364
 compilation: enabled
              stopped_count=0, restarted_count=0
 full_count=0

Compilation events (10 events):
Event: 2.980 Thread 0x0000024dc68cc800 nmethod 1168 0x0000024db1048910 code [0x0000024db1048ac0, 0x0000024db1048c08]
Event: 2.980 Thread 0x0000024dc68cc800 1169       1       java.util.jar.Attributes::getValue (9 bytes)
Event: 2.980 Thread 0x0000024dc68cc800 nmethod 1169 0x0000024db1048d10 code [0x0000024db1048ea0, 0x0000024db1048fa8]
Event: 2.980 Thread 0x0000024dc68cc800 1170       1       java.util.jar.Attributes::get (11 bytes)
Event: 2.980 Thread 0x0000024dc68cc800 nmethod 1170 0x0000024db1049090 code [0x0000024db1049220, 0x0000024db1049308]
Event: 2.990 Thread 0x0000024dc68cc800 1174       1       jdk.internal.org.objectweb.asm.ClassWriter::toByteArray (1423 bytes)
Event: 2.995 Thread 0x0000024dc68cc800 nmethod 1174 0x0000024db104a390 code [0x0000024db104aa20, 0x0000024db104c728]
Event: 2.995 Thread 0x0000024dc68cc800 1176       1       java.lang.invoke.InvokerBytecodeGenerator::<init> (80 bytes)
Event: 2.996 Thread 0x0000024dc68cc800 nmethod 1176 0x0000024db104dd10 code [0x0000024db104dec0, 0x0000024db104e068]
Event: 2.996 Thread 0x0000024dc68cc800 1179       1       jdk.internal.org.objectweb.asm.MethodWriter::put (1602 bytes)

GC Heap History (2 events):
Event: 2.756 GC heap before
{Heap before GC invocations=0 (full 0):
 garbage-first heap   total 131072K, used 13312K [0x0000000080e00000, 0x0000000100000000)
  region size 1024K, 14 young (14336K), 0 survivors (0K)
 Metaspace       used 12261K, capacity 12518K, committed 12672K, reserved 1060864K
  class space    used 1274K, capacity 1373K, committed 1408K, reserved 1048576K
}
Event: 2.760 GC heap after
{Heap after GC invocations=1 (full 0):
 garbage-first heap   total 131072K, used 5094K [0x0000000080e00000, 0x0000000100000000)
  region size 1024K, 2 young (2048K), 2 survivors (2048K)
 Metaspace       used 12261K, capacity 12518K, committed 12672K, reserved 1060864K
  class space    used 1274K, capacity 1373K, committed 1408K, reserved 1048576K
}

Deoptimization events (0 events):
No events

Classes redefined (0 events):
No events

Internal exceptions (10 events):
Event: 1.741 Thread 0x0000024da91a5800 Exception <a 'java/lang/NoSuchMethodError'{0x0000000088266768}: java.lang.invoke.DirectMethodHandle$Holder.invokeStatic(Ljava/lang/Object;Ljava/lang/Object;IIII)Ljava/lang/Object;> (0x0000000088266768) thrown at [./open/src/hotspot/share/interpreter/linkR
Event: 1.741 Thread 0x0000024da91a5800 Exception <a 'java/lang/NoSuchMethodError'{0x0000000088269ab0}: java.lang.invoke.DirectMethodHandle$Holder.invokeStaticInit(Ljava/lang/Object;Ljava/lang/Object;IIII)Ljava/lang/Object;> (0x0000000088269ab0) thrown at [./open/src/hotspot/share/interpreter/l
Event: 1.929 Thread 0x0000024da91a5800 Exception <a 'java/lang/ClassNotFoundException'{0x0000000088289b88}: javax/management/remote/rmi/RMIServerImpl_Skel> (0x0000000088289b88) thrown at [./open/src/hotspot/share/classfile/systemDictionary.cpp, line 226]
Event: 2.682 Thread 0x0000024da91a5800 Exception <a 'java/lang/ClassNotFoundException'{0x0000000088024c20}: javax/smartcardio/CardPermission> (0x0000000088024c20) thrown at [./open/src/hotspot/share/classfile/systemDictionary.cpp, line 226]
Event: 2.716 Thread 0x0000024da91a5800 Exception <a 'java/io/FileNotFoundException'{0x00000000880331c0}> (0x00000000880331c0) thrown at [./open/src/hotspot/share/prims/jni.cpp, line 611]
Event: 2.875 Thread 0x0000024dc7a04000 Exception <a 'java/lang/NoSuchMethodError'{0x0000000088b2e910}: java.lang.invoke.DirectMethodHandle$Holder.invokeStatic(Ljava/lang/Object;Ljava/lang/Object;Ljava/lang/Object;Ljava/lang/Object;Ljava/lang/Object;Ljava/lang/Object;Ljava/lang/Object;Ljava/lan
Event: 2.876 Thread 0x0000024dc7a04000 Exception <a 'java/lang/NoSuchMethodError'{0x0000000088b3b568}: java.lang.invoke.DirectMethodHandle$Holder.invokeStatic(Ljava/lang/Object;Ljava/lang/Object;Ljava/lang/Object;Ljava/lang/Object;Ljava/lang/Object;Ljava/lang/Object;Ljava/lang/Object;Ljava/lan
Event: 2.877 Thread 0x0000024dc7a04000 Exception <a 'java/lang/NoSuchMethodError'{0x0000000088b55a40}: java.lang.invoke.DelegatingMethodHandle$Holder.reinvoke_L(Ljava/lang/Object;ILjava/lang/Object;)Ljava/lang/Object;> (0x0000000088b55a40) thrown at [./open/src/hotspot/share/interpreter/linkRe
Event: 2.931 Thread 0x0000024dc7a04000 Exception <a 'java/lang/NoSuchMethodError'{0x0000000088a442c8}: static [B.<clinit>()V> (0x0000000088a442c8) thrown at [./open/src/hotspot/share/prims/jni.cpp, line 1366]
Event: 2.999 Thread 0x0000024dc7a6d000 Exception <a 'java/lang/NoSuchMethodError'{0x000000008890dea8}: java.lang.invoke.Invokers$Holder.linkToTargetMethod(Ljava/lang/Object;JLjava/lang/Object;)Ljava/lang/Object;> (0x000000008890dea8) thrown at [./open/src/hotspot/share/interpreter/linkResolver

Events (10 events):
Event: 2.995 loading class javax/management/ReflectionException done
Event: 2.995 loading class javax/management/AttributeList
Event: 2.995 loading class javax/management/AttributeList done
Event: 2.995 Executing VM operation: Deoptimize
Event: 2.995 Executing VM operation: Deoptimize done
Event: 2.996 loading class javax/management/AttributeNotFoundException
Event: 2.996 loading class javax/management/AttributeNotFoundException done
Event: 2.996 loading class javax/management/InvalidAttributeValueException
Event: 2.996 loading class javax/management/InvalidAttributeValueException done
Event: 2.996 loading class javax/management/remote/NotificationResult


Dynamic libraries:
0x00007ff74e1f0000 - 0x00007ff74e1ff000 	C:\Program Files\Java\jdk-11.0.14\bin\java.exe
0x00007ffd5c470000 - 0x00007ffd5c668000 	C:\Windows\SYSTEM32\ntdll.dll
0x00007ffd5aef0000 - 0x00007ffd5afad000 	C:\Windows\System32\KERNEL32.DLL
0x00007ffd59dc0000 - 0x00007ffd5a08e000 	C:\Windows\System32\KERNELBASE.dll
0x00007ffd5a1a0000 - 0x00007ffd5a2a0000 	C:\Windows\System32\ucrtbase.dll
0x00007ffd37310000 - 0x00007ffd37325000 	C:\Program Files\Java\jdk-11.0.14\bin\VCRUNTIME140.dll
0x00007ffd375a0000 - 0x00007ffd375b8000 	C:\Program Files\Java\jdk-11.0.14\bin\jli.dll
0x00007ffd5be90000 - 0x00007ffd5bf3e000 	C:\Windows\System32\ADVAPI32.dll
0x00007ffd5afb0000 - 0x00007ffd5b04e000 	C:\Windows\System32\msvcrt.dll
0x00007ffd5b180000 - 0x00007ffd5b21c000 	C:\Windows\System32\sechost.dll
0x00007ffd5b9a0000 - 0x00007ffd5bac5000 	C:\Windows\System32\RPCRT4.dll
0x00007ffd5ad00000 - 0x00007ffd5aea0000 	C:\Windows\System32\USER32.dll
0x00007ffd4ac90000 - 0x00007ffd4af2a000 	C:\Windows\WinSxS\amd64_microsoft.windows.common-controls_6595b64144ccf1df_6.0.19041.1110_none_60b5254171f9507e\COMCTL32.dll
0x00007ffd59d90000 - 0x00007ffd59db2000 	C:\Windows\System32\win32u.dll
0x00007ffd5be00000 - 0x00007ffd5be2a000 	C:\Windows\System32\GDI32.dll
0x00007ffd5a090000 - 0x00007ffd5a19b000 	C:\Windows\System32\gdi32full.dll
0x00007ffd5a430000 - 0x00007ffd5a4cd000 	C:\Windows\System32\msvcp_win.dll
0x00007ffd513e0000 - 0x00007ffd513ea000 	C:\Windows\SYSTEM32\VERSION.dll
0x00007ffd5aec0000 - 0x00007ffd5aef0000 	C:\Windows\System32\IMM32.DLL
0x00007ffd0adc0000 - 0x00007ffd0ae5b000 	C:\Program Files\Java\jdk-11.0.14\bin\msvcp140.dll
0x00007ffcf8120000 - 0x00007ffcf8c36000 	C:\Program Files\Java\jdk-11.0.14\bin\server\jvm.dll
0x00007ffd5acf0000 - 0x00007ffd5acf8000 	C:\Windows\System32\PSAPI.DLL
0x00007ffd47bc0000 - 0x00007ffd47bc9000 	C:\Windows\SYSTEM32\WSOCK32.dll
0x00007ffd511b0000 - 0x00007ffd511d7000 	C:\Windows\SYSTEM32\WINMM.dll
0x00007ffd5bad0000 - 0x00007ffd5bb3b000 	C:\Windows\System32\WS2_32.dll
0x00007ffd57a70000 - 0x00007ffd57a82000 	C:\Windows\SYSTEM32\kernel.appcore.dll
0x00007ffd37560000 - 0x00007ffd37570000 	C:\Program Files\Java\jdk-11.0.14\bin\verify.dll
0x00007ffd53a40000 - 0x00007ffd53c24000 	C:\Windows\SYSTEM32\DBGHELP.DLL
0x00007ffd4b510000 - 0x00007ffd4b53c000 	C:\Windows\SYSTEM32\dbgcore.DLL
0x00007ffd59d00000 - 0x00007ffd59d82000 	C:\Windows\System32\bcryptPrimitives.dll
0x00007ffd37210000 - 0x00007ffd37238000 	C:\Program Files\Java\jdk-11.0.14\bin\java.dll
0x00007ffd371a0000 - 0x00007ffd371aa000 	C:\Program Files\Java\jdk-11.0.14\bin\jimage.dll
0x00007ffd4e060000 - 0x00007ffd4e06e000 	C:\Program Files\Java\jdk-11.0.14\bin\instrument.dll
0x00007ffd37180000 - 0x00007ffd37196000 	C:\Program Files\Java\jdk-11.0.14\bin\zip.dll
0x00007ffd5a5a0000 - 0x00007ffd5ace4000 	C:\Windows\System32\SHELL32.dll
0x00007ffd57c70000 - 0x00007ffd58404000 	C:\Windows\SYSTEM32\windows.storage.dll
0x00007ffd5b640000 - 0x00007ffd5b994000 	C:\Windows\System32\combase.dll
0x00007ffd59510000 - 0x00007ffd59540000 	C:\Windows\SYSTEM32\Wldp.dll
0x00007ffd5b060000 - 0x00007ffd5b10d000 	C:\Windows\System32\SHCORE.dll
0x00007ffd5bb40000 - 0x00007ffd5bb95000 	C:\Windows\System32\shlwapi.dll
0x00007ffd59ad0000 - 0x00007ffd59aef000 	C:\Windows\SYSTEM32\profapi.dll
0x00007ffd37160000 - 0x00007ffd37179000 	C:\Program Files\Java\jdk-11.0.14\bin\net.dll
0x00007ffd527a0000 - 0x00007ffd528aa000 	C:\Windows\SYSTEM32\WINHTTP.dll
0x00007ffd592f0000 - 0x00007ffd5935a000 	C:\Windows\system32\mswsock.dll
0x00007ffd22320000 - 0x00007ffd22332000 	C:\Program Files\Java\jdk-11.0.14\bin\nio.dll
0x00007ffd4e040000 - 0x00007ffd4e05a000 	C:\Program Files\JetBrains\IntelliJ IDEA 2022.1.1\bin\breakgen64.dll
0x00007ffd59000000 - 0x00007ffd590ca000 	C:\Windows\SYSTEM32\DNSAPI.dll
0x00007ffd58fb0000 - 0x00007ffd58feb000 	C:\Windows\SYSTEM32\IPHLPAPI.DLL
0x00007ffd5b050000 - 0x00007ffd5b058000 	C:\Windows\System32\NSI.dll
0x00007ffd52760000 - 0x00007ffd5276a000 	C:\Windows\System32\rasadhlp.dll
0x00007ffd52680000 - 0x00007ffd52700000 	C:\Windows\System32\fwpuclnt.dll
0x00007ffd5a400000 - 0x00007ffd5a427000 	C:\Windows\System32\bcrypt.dll
0x00007ffd497f0000 - 0x00007ffd497f9000 	C:\Program Files\Java\jdk-11.0.14\bin\management.dll
0x00007ffd497e0000 - 0x00007ffd497eb000 	C:\Program Files\Java\jdk-11.0.14\bin\management_ext.dll
0x00007ffd59550000 - 0x00007ffd59568000 	C:\Windows\SYSTEM32\CRYPTSP.dll
0x00007ffd58c20000 - 0x00007ffd58c54000 	C:\Windows\system32\rsaenh.dll
0x00007ffd59a50000 - 0x00007ffd59a7e000 	C:\Windows\SYSTEM32\USERENV.dll
0x00007ffd59480000 - 0x00007ffd5948c000 	C:\Windows\SYSTEM32\CRYPTBASE.dll
0x00007ffd534b0000 - 0x00007ffd534c7000 	C:\Windows\SYSTEM32\dhcpcsvc6.DLL
0x00007ffd52b00000 - 0x00007ffd52b1d000 	C:\Windows\SYSTEM32\dhcpcsvc.DLL
0x00007ffd421f0000 - 0x00007ffd42207000 	C:\Windows\system32\napinsp.dll
0x00007ffd40ba0000 - 0x00007ffd40bbb000 	C:\Windows\system32\pnrpnsp.dll
0x00007ffd40b80000 - 0x00007ffd40b95000 	C:\Windows\system32\wshbth.dll
0x00007ffd55590000 - 0x00007ffd555ad000 	C:\Windows\system32\NLAapi.dll
0x00007ffd40b60000 - 0x00007ffd40b72000 	C:\Windows\System32\winrnr.dll

dbghelp: loaded successfully - version: 4.0.5 - missing functions: none
symbol engine: initialized successfully - sym options: 0x614 - pdb path: .;C:\Program Files\Java\jdk-11.0.14\bin;C:\Windows\SYSTEM32;C:\Windows\WinSxS\amd64_microsoft.windows.common-controls_6595b64144ccf1df_6.0.19041.1110_none_60b5254171f9507e;C:\Program Files\Java\jdk-11.0.14\bin\server;C:\Program Files\JetBrains\IntelliJ IDEA 2022.1.1\bin

VM Arguments:
jvm_args: -XX:TieredStopAtLevel=1 -Xverify:none -Dspring.output.ansi.enabled=always -Dcom.sun.management.jmxremote -Dspring.jmx.enabled=true -Dspring.liveBeansView.mbeanDomain -Dspring.application.admin.enabled=true -javaagent:C:\Program Files\JetBrains\IntelliJ IDEA 2022.1.1\lib\idea_rt.jar=51023:C:\Program Files\JetBrains\IntelliJ IDEA 2022.1.1\bin -Dfile.encoding=UTF-8 
java_command: com.hrpayroll.HrPayrollApplication
java_class_path (initial): C:\Users\felipe\Desktop\Projetos\MICROSSERVIÇOS\hr-payroll\target\classes;C:\Users\felipe\.m2\repository\org\springframework\boot\spring-boot-starter-web\2.3.4.RELEASE\spring-boot-starter-web-2.3.4.RELEASE.jar;C:\Users\felipe\.m2\repository\org\springframework\boot\spring-boot-starter\2.3.4.RELEASE\spring-boot-starter-2.3.4.RELEASE.jar;C:\Users\felipe\.m2\repository\org\springframework\boot\spring-boot\2.3.4.RELEASE\spring-boot-2.3.4.RELEASE.jar;C:\Users\felipe\.m2\repository\org\springframework\boot\spring-boot-autoconfigure\2.3.4.RELEASE\spring-boot-autoconfigure-2.3.4.RELEASE.jar;C:\Users\felipe\.m2\repository\org\springframework\boot\spring-boot-starter-logging\2.3.4.RELEASE\spring-boot-starter-logging-2.3.4.RELEASE.jar;C:\Users\felipe\.m2\repository\ch\qos\logback\logback-classic\1.2.3\logback-classic-1.2.3.jar;C:\Users\felipe\.m2\repository\ch\qos\logback\logback-core\1.2.3\logback-core-1.2.3.jar;C:\Users\felipe\.m2\repository\org\apache\logging\log4j\log4j-to-slf4j\2.13.3\log4j-to-slf4j-2.13.3.jar;C:\Users\felipe\.m2\repository\org\apache\logging\log4j\log4j-api\2.13.3\log4j-api-2.13.3.jar;C:\Users\felipe\.m2\repository\org\slf4j\jul-to-slf4j\1.7.30\jul-to-slf4j-1.7.30.jar;C:\Users\felipe\.m2\repository\jakarta\annotation\jakarta.annotation-api\1.3.5\jakarta.annotation-api-1.3.5.jar;C:\Users\felipe\.m2\repository\org\yaml\snakeyaml\1.26\snakeyaml-1.26.jar;C:\Users\felipe\.m2\repository\org\springframework\boot\spring-boot-starter-json\2.3.4.RELEASE\spring-boot-starter-json-2.3.4.RELEASE.jar;C:\Users\felipe\.m2\repository\com\fasterxml\jackson\core\jackson-databind\2.11.2\jackson-databind-2.11.2.jar;C:\Users\felipe\.m2\repository\com\fasterxml\jackson\core\jackson-annotations\2.11.2\jackson-annotations-2.11.2.jar;C:\Users\felipe\.m2\repository\com\fasterxml\jackson\core\jackson-core\2.11.2\jackson-core-2.11.2.jar;C:\Users\felipe\.m2\repository\com\fasterxml\jackson\datatype\jackson-datatype-jdk8\2.11.2\jackson-datatype-jdk8-2.11.2.
Launcher Type: SUN_STANDARD

[Global flags]
     bool BytecodeVerificationLocal                = false                                     {product} {command line}
     bool BytecodeVerificationRemote               = false                                     {product} {command line}
     intx CICompilerCount                          = 3                                         {product} {ergonomic}
     uint ConcGCThreads                            = 1                                         {product} {ergonomic}
     uint G1ConcRefinementThreads                  = 4                                         {product} {ergonomic}
   size_t G1HeapRegionSize                         = 1048576                                   {product} {ergonomic}
    uintx GCDrainStackTargetSize                   = 64                                        {product} {ergonomic}
   size_t InitialHeapSize                          = 134217728                                 {product} {ergonomic}
     bool ManagementServer                         = true                                      {product} {command line}
   size_t MarkStackSize                            = 4194304                                   {product} {ergonomic}
   size_t MaxHeapSize                              = 2132803584                                {product} {ergonomic}
   size_t MaxNewSize                               = 1279262720                                {product} {ergonomic}
   size_t MinHeapDeltaBytes                        = 1048576                                   {product} {ergonomic}
    uintx NonNMethodCodeHeapSize                   = 6973028                                {pd product} {ergonomic}
    uintx NonProfiledCodeHeapSize                  = 244685212                              {pd product} {ergonomic}
    uintx ProfiledCodeHeapSize                     = 0                                      {pd product} {ergonomic}
    uintx ReservedCodeCacheSize                    = 251658240                              {pd product} {ergonomic}
     bool SegmentedCodeCache                       = true                                      {product} {ergonomic}
     intx TieredStopAtLevel                        = 1                                         {product} {command line}
     bool UseCompressedClassPointers               = true                                 {lp64_product} {ergonomic}
     bool UseCompressedOops                        = true                                 {lp64_product} {ergonomic}
     bool UseG1GC                                  = true                                      {product} {ergonomic}
     bool UseLargePagesIndividualAllocation        = false                                  {pd product} {ergonomic}

Logging:
Log output configuration:
 #0: stdout all=warning uptime,level,tags
 #1: stderr all=off uptime,level,tags

Environment Variables:
JAVA_HOME=C:\Program Files\Java\jdk-11.0.14
PATH=C:\Program Files\Python\Scripts\;C:\Program Files\Python\;C:\Program Files\Common Files\Oracle\Java\javapath;C:\Program Files (x86)\Common Files\Oracle\Java\javapath;C:\Windows\system32;C:\Windows;C:\Windows\System32\Wbem;C:\Windows\System32\WindowsPowerShell\v1.0\;C:\Windows\System32\OpenSSH\;C:\Program Files\nodejs\;C:\ProgramData\chocolatey\bin;C:\Program Files\Java\jdk-11.0.14\bin;C:\Program Files\Git\cmd;C:\Program Files\Amazon\AWSCLIV2\;C:\Program Files\Microsoft VS Code\bin;C:\Program Files\MongoDB\Server\5.0\bin;C:\apache-maven-3.8.6\bin;;C:\Program Files\Docker\Docker\resources\bin;C:\ProgramData\DockerDesktop\version-bin;C:\Program Files\Go\bin;C:\Program Files\dotnet\;C:\Users\felipe\AppData\Local\Microsoft\WindowsApps;C:\Users\felipe\AppData\Roaming\npm;C:\Program Files\JetBrains\IntelliJ IDEA Community Edition 2022.1\bin;;C:\Program Files\heroku\bin;C:\Users\felipe\go\bin;C:\Users\felipe\.dotnet\tools;C:\ProgramData\chocolatey\lib\mingw\tools\install\mingw64\bin;
USERNAME=felipe
OS=Windows_NT
PROCESSOR_IDENTIFIER=Intel64 Family 6 Model 94 Stepping 3, GenuineIntel



---------------  S Y S T E M  ---------------

OS: Windows 10 , 64 bit Build 19041 (10.0.19041.1889)
Hyper-V role detected

CPU:total 4 (initial active 4) (4 cores per cpu, 1 threads per core) family 6 model 94 stepping 3 microcode 0xcc, cmov, cx8, fxsr, mmx, sse, sse2, sse3, ssse3, sse4.1, sse4.2, popcnt, avx, avx2, aes, clmul, erms, rtm, 3dnowpref, lzcnt, tsc, tscinvbit, bmi1, bmi2, adx, fma

Memory: 4k page, system-wide physical 8135M (1016M free)
TotalPageFile size 10183M (AvailPageFile size 3M)
current process WorkingSet (physical memory assigned to process): 67M, peak: 67M
current process commit charge ("private bytes"): 210M, peak: 210M

vm_info: Java HotSpot(TM) 64-Bit Server VM (11.0.14+8-LTS-263) for windows-amd64 JRE (11.0.14+8-LTS-263), built on Dec  7 2021 21:53:57 by "mach5one" with MS VC++ 15.9 (VS2017)

END.
